Oct 24, 2023 9:02:21 AM org.apache.catalina.core.AprLifecycleListener init
INFO: The APR based Apache Tomcat Native library which allows optimal performance in production environments was not found on the java.library.path: C:\Program Files (x86)\Java\jdk1.7.0_11\bin;C:\WINDOWS\Sun\Java\bin;C:\WINDOWS\system32;C:\WINDOWS;D:\app\product\12.1.0\client_1\bin;C:\ProgramData\Oracle\Java\javapath;E:\app32\product\12.2.0\client_1\bin;C:\Python310\Scripts\;C:\Python310\;E:\app12c\product\12.1.0\client_1\bin;C:\WINDOWS\system32;C:\WINDOWS;C:\WINDOWS\System32\Wbem;C:\WINDOWS\System32\WindowsPowerShell\v1.0\;C:\WINDOWS\System32\OpenSSH\;C:\ProgramData\chocolatey\bin;C:\Program Files\Git\cmd;C:\Program Files\TortoiseSVN\bin;C:\Program Files\Common Files\Oracle\Java\javapath;C:\Program Files (x86)\Common Files\Oracle\Java\javapath;C:\Program Files\nodejs\;C:\Program Files\maven\apache-maven-3.9.3\bin;C:\Users\jad.j\AppData\Local\Microsoft\WindowsApps;C:\Users\jad.j\AppData\Local\Programs\Microsoft VS Code\bin;C:\Users\jad.j\AppData\Local\GitHubDesktop\bin;C:\Users\jad.j\AppData\Roaming\npm;;.
Oct 24, 2023 9:02:21 AM org.apache.coyote.AbstractProtocol init
INFO: Initializing ProtocolHandler ["http-bio-8080"]
Oct 24, 2023 9:02:21 AM org.apache.coyote.AbstractProtocol init
INFO: Initializing ProtocolHandler ["ajp-bio-8009"]
Oct 24, 2023 9:02:21 AM org.apache.catalina.startup.Catalina load
INFO: Initialization processed in 420 ms
Oct 24, 2023 9:02:21 AM org.apache.catalina.core.StandardService startInternal
INFO: Starting service Catalina
Oct 24, 2023 9:02:21 AM org.apache.catalina.core.StandardEngine startInternal
INFO: Starting Servlet Engine: Apache Tomcat/7.0.37
Oct 24, 2023 9:02:21 AM org.apache.catalina.startup.HostConfig deployDirectory
INFO: Deploying web application directory C:\Users\jad.j\Desktop\trainning\JSP\tomcat\webapps\ROOT
Oct 24, 2023 9:02:22 AM org.apache.struts.action.ActionServlet initChain
INFO: Loading chain catalog from jar:file:/C:/Users/jad.j/Desktop/trainning/JSP/tomcat/webapps/ROOT/WEB-INF/lib/struts-core-1.3.10.jar!/org/apache/struts/chain/chain-config.xml
Oct 24, 2023 9:02:22 AM org.apache.catalina.startup.HostConfig deployDirectory
INFO: Deploying web application directory C:\Users\jad.j\Desktop\trainning\JSP\tomcat\webapps\test
Oct 24, 2023 9:02:22 AM org.apache.coyote.AbstractProtocol start
INFO: Starting ProtocolHandler ["http-bio-8080"]
Oct 24, 2023 9:02:22 AM org.apache.coyote.AbstractProtocol start
INFO: Starting ProtocolHandler ["ajp-bio-8009"]
Oct 24, 2023 9:02:22 AM org.apache.catalina.startup.Catalina start
INFO: Server startup in 1206 ms
Oct 24, 2023 11:03:34 AM org.apache.catalina.core.AprLifecycleListener init
INFO: The APR based Apache Tomcat Native library which allows optimal performance in production environments was not found on the java.library.path: C:\Program Files (x86)\Java\jdk1.7.0_11\bin;C:\WINDOWS\Sun\Java\bin;C:\WINDOWS\system32;C:\WINDOWS;D:\app\product\12.1.0\client_1\bin;C:\ProgramData\Oracle\Java\javapath;E:\app32\product\12.2.0\client_1\bin;C:\Python310\Scripts\;C:\Python310\;E:\app12c\product\12.1.0\client_1\bin;C:\WINDOWS\system32;C:\WINDOWS;C:\WINDOWS\System32\Wbem;C:\WINDOWS\System32\WindowsPowerShell\v1.0\;C:\WINDOWS\System32\OpenSSH\;C:\ProgramData\chocolatey\bin;C:\Program Files\Git\cmd;C:\Program Files\TortoiseSVN\bin;C:\Program Files\Common Files\Oracle\Java\javapath;C:\Program Files (x86)\Common Files\Oracle\Java\javapath;C:\Program Files\nodejs\;C:\Program Files\maven\apache-maven-3.9.3\bin;C:\Users\jad.j\AppData\Local\Microsoft\WindowsApps;C:\Users\jad.j\AppData\Local\Programs\Microsoft VS Code\bin;C:\Users\jad.j\AppData\Local\GitHubDesktop\bin;C:\Users\jad.j\AppData\Roaming\npm;;.
Oct 24, 2023 11:03:34 AM org.apache.coyote.AbstractProtocol init
INFO: Initializing ProtocolHandler ["http-bio-8080"]
Oct 24, 2023 11:03:34 AM org.apache.coyote.AbstractProtocol init
INFO: Initializing ProtocolHandler ["ajp-bio-8009"]
Oct 24, 2023 11:03:34 AM org.apache.catalina.startup.Catalina load
INFO: Initialization processed in 424 ms
Oct 24, 2023 11:03:34 AM org.apache.catalina.core.StandardService startInternal
INFO: Starting service Catalina
Oct 24, 2023 11:03:34 AM org.apache.catalina.core.StandardEngine startInternal
INFO: Starting Servlet Engine: Apache Tomcat/7.0.37
Oct 24, 2023 11:03:34 AM org.apache.catalina.startup.HostConfig deployDirectory
INFO: Deploying web application directory C:\Users\jad.j\Desktop\trainning\JSP\tomcat\webapps\ROOT
Oct 24, 2023 11:03:35 AM org.apache.struts.action.ActionServlet initChain
INFO: Loading chain catalog from jar:file:/C:/Users/jad.j/Desktop/trainning/JSP/tomcat/webapps/ROOT/WEB-INF/lib/struts-core-1.3.10.jar!/org/apache/struts/chain/chain-config.xml
Oct 24, 2023 11:03:35 AM org.apache.catalina.startup.HostConfig deployDirectory
INFO: Deploying web application directory C:\Users\jad.j\Desktop\trainning\JSP\tomcat\webapps\test
Oct 24, 2023 11:03:35 AM org.apache.coyote.AbstractProtocol start
INFO: Starting ProtocolHandler ["http-bio-8080"]
Oct 24, 2023 11:03:35 AM org.apache.coyote.AbstractProtocol start
INFO: Starting ProtocolHandler ["ajp-bio-8009"]
Oct 24, 2023 11:03:35 AM org.apache.catalina.startup.Catalina start
INFO: Server startup in 1207 ms
