Aug 25, 2023 8:16:48 AM org.apache.catalina.core.AprLifecycleListener init
INFO: The APR based Apache Tomcat Native library which allows optimal performance in production environments was not found on the java.library.path: C:\Program Files (x86)\Java\jdk1.7.0_11\bin;C:\Windows\Sun\Java\bin;C:\Windows\system32;C:\Windows;D:\app\product\12.2.0\client_1\bin;C:\Program Files (x86)\Common Files\Oracle\Java\javapath;C:\app\1\product\12.1.0\client_1\bin;C:\Program Files\Common Files\Oracle\Java\javapath;C:\Windows\system32;C:\Windows;C:\Windows\System32\Wbem;C:\Windows\System32\WindowsPowerShell\v1.0\;C:\Windows\System32\OpenSSH\;C:\Users\georges.c\AppData\Local\Microsoft\WindowsApps;;.
Aug 25, 2023 8:16:48 AM org.apache.coyote.AbstractProtocol init
INFO: Initializing ProtocolHandler ["http-bio-8080"]
Aug 25, 2023 8:16:48 AM org.apache.coyote.AbstractProtocol init
INFO: Initializing ProtocolHandler ["ajp-bio-8009"]
Aug 25, 2023 8:16:48 AM org.apache.catalina.startup.Catalina load
INFO: Initialization processed in 331 ms
Aug 25, 2023 8:16:48 AM org.apache.catalina.core.StandardService startInternal
INFO: Starting service Catalina
Aug 25, 2023 8:16:48 AM org.apache.catalina.core.StandardEngine startInternal
INFO: Starting Servlet Engine: Apache Tomcat/7.0.37
Aug 25, 2023 8:16:48 AM org.apache.catalina.startup.HostConfig deployDirectory
INFO: Deploying web application directory C:\Users\georges.c\Desktop\JSP\tomcat\webapps\ROOT
Aug 25, 2023 8:16:49 AM org.apache.struts.action.ActionServlet initChain
INFO: Loading chain catalog from jar:file:/C:/Users/georges.c/Desktop/JSP/tomcat/webapps/ROOT/WEB-INF/lib/struts-core-1.3.10.jar!/org/apache/struts/chain/chain-config.xml
Aug 25, 2023 8:16:49 AM org.apache.coyote.AbstractProtocol start
INFO: Starting ProtocolHandler ["http-bio-8080"]
Aug 25, 2023 8:16:49 AM org.apache.coyote.AbstractProtocol start
INFO: Starting ProtocolHandler ["ajp-bio-8009"]
Aug 25, 2023 8:16:49 AM org.apache.catalina.startup.Catalina start
INFO: Server startup in 782 ms
Aug 25, 2023 8:50:10 AM org.apache.catalina.core.AprLifecycleListener init
INFO: The APR based Apache Tomcat Native library which allows optimal performance in production environments was not found on the java.library.path: C:\Program Files (x86)\Java\jdk1.7.0_11\bin;C:\Windows\Sun\Java\bin;C:\Windows\system32;C:\Windows;D:\app\product\12.2.0\client_1\bin;C:\Program Files (x86)\Common Files\Oracle\Java\javapath;C:\app\1\product\12.1.0\client_1\bin;C:\Program Files\Common Files\Oracle\Java\javapath;C:\Windows\system32;C:\Windows;C:\Windows\System32\Wbem;C:\Windows\System32\WindowsPowerShell\v1.0\;C:\Windows\System32\OpenSSH\;C:\Users\georges.c\AppData\Local\Microsoft\WindowsApps;;.
Aug 25, 2023 8:50:10 AM org.apache.coyote.AbstractProtocol init
INFO: Initializing ProtocolHandler ["http-bio-8080"]
Aug 25, 2023 8:50:10 AM org.apache.coyote.AbstractProtocol init
INFO: Initializing ProtocolHandler ["ajp-bio-8009"]
Aug 25, 2023 8:50:10 AM org.apache.catalina.startup.Catalina load
INFO: Initialization processed in 316 ms
Aug 25, 2023 8:50:10 AM org.apache.catalina.core.StandardService startInternal
INFO: Starting service Catalina
Aug 25, 2023 8:50:10 AM org.apache.catalina.core.StandardEngine startInternal
INFO: Starting Servlet Engine: Apache Tomcat/7.0.37
Aug 25, 2023 8:50:10 AM org.apache.catalina.startup.HostConfig deployDirectory
INFO: Deploying web application directory C:\Users\georges.c\Desktop\JSP\tomcat\webapps\ROOT
Aug 25, 2023 8:50:11 AM org.apache.struts.action.ActionServlet initChain
INFO: Loading chain catalog from jar:file:/C:/Users/georges.c/Desktop/JSP/tomcat/webapps/ROOT/WEB-INF/lib/struts-core-1.3.10.jar!/org/apache/struts/chain/chain-config.xml
Aug 25, 2023 8:50:11 AM org.apache.coyote.AbstractProtocol start
INFO: Starting ProtocolHandler ["http-bio-8080"]
Aug 25, 2023 8:50:11 AM org.apache.coyote.AbstractProtocol start
INFO: Starting ProtocolHandler ["ajp-bio-8009"]
Aug 25, 2023 8:50:11 AM org.apache.catalina.startup.Catalina start
INFO: Server startup in 781 ms
Aug 25, 2023 1:24:44 PM org.apache.catalina.core.AprLifecycleListener init
INFO: The APR based Apache Tomcat Native library which allows optimal performance in production environments was not found on the java.library.path: C:\Program Files (x86)\Java\jdk1.7.0_11\bin;C:\Windows\Sun\Java\bin;C:\Windows\system32;C:\Windows;D:\app\product\12.2.0\client_1\bin;C:\Program Files (x86)\Common Files\Oracle\Java\javapath;C:\app\1\product\12.1.0\client_1\bin;C:\Program Files\Common Files\Oracle\Java\javapath;C:\Windows\system32;C:\Windows;C:\Windows\System32\Wbem;C:\Windows\System32\WindowsPowerShell\v1.0\;C:\Windows\System32\OpenSSH\;C:\Users\georges.c\AppData\Local\Microsoft\WindowsApps;;.
Aug 25, 2023 1:24:44 PM org.apache.coyote.AbstractProtocol init
INFO: Initializing ProtocolHandler ["http-bio-8080"]
Aug 25, 2023 1:24:44 PM org.apache.coyote.AbstractProtocol init
INFO: Initializing ProtocolHandler ["ajp-bio-8009"]
Aug 25, 2023 1:24:44 PM org.apache.catalina.startup.Catalina load
INFO: Initialization processed in 320 ms
Aug 25, 2023 1:24:44 PM org.apache.catalina.core.StandardService startInternal
INFO: Starting service Catalina
Aug 25, 2023 1:24:44 PM org.apache.catalina.core.StandardEngine startInternal
INFO: Starting Servlet Engine: Apache Tomcat/7.0.37
Aug 25, 2023 1:24:44 PM org.apache.catalina.startup.HostConfig deployDirectory
INFO: Deploying web application directory C:\Users\georges.c\Desktop\JSP\tomcat\webapps\ROOT
Aug 25, 2023 1:24:45 PM org.apache.struts.action.ActionServlet initChain
INFO: Loading chain catalog from jar:file:/C:/Users/georges.c/Desktop/JSP/tomcat/webapps/ROOT/WEB-INF/lib/struts-core-1.3.10.jar!/org/apache/struts/chain/chain-config.xml
Aug 25, 2023 1:24:45 PM org.apache.coyote.AbstractProtocol start
INFO: Starting ProtocolHandler ["http-bio-8080"]
Aug 25, 2023 1:24:45 PM org.apache.coyote.AbstractProtocol start
INFO: Starting ProtocolHandler ["ajp-bio-8009"]
Aug 25, 2023 1:24:45 PM org.apache.catalina.startup.Catalina start
INFO: Server startup in 781 ms
