Oct 20, 2023 3:03:10 PM org.apache.catalina.core.StandardWrapperValve invoke
SEVERE: Servlet.service() for servlet [jsp] in context with path [/test] threw exception [Unable to compile class for JSP: 

An error occurred at line: 17 in the jsp file: /thirdExample.jsp
Syntax error on tokens, delete these tokens
14: session.putValue("visitcounter", totalvisits);
15: // print a message to out visitor
16: out.println("Welcome, visitor");
17: }
18: else
19: // if you have visited the page before then add 1 to the visitcounter
20: totalvisits = new Integer(totalvisits.intValue() + 1);


An error occurred at line: 22 in the jsp file: /thirdExample.jsp
Syntax error, insert "}" to complete Block
19: // if you have visited the page before then add 1 to the visitcounter
20: totalvisits = new Integer(totalvisits.intValue() + 1);
21: session.putValue("visitcounter", totalvisits);
22: out.println("You have visited this page " + totalvisits +" time(s)!");
23: } %>
24: </body> 
25: </html>


An error occurred at line: 22 in the jsp file: /thirdExample.jsp
Syntax error, insert "Finally" to complete TryStatement
19: // if you have visited the page before then add 1 to the visitcounter
20: totalvisits = new Integer(totalvisits.intValue() + 1);
21: session.putValue("visitcounter", totalvisits);
22: out.println("You have visited this page " + totalvisits +" time(s)!");
23: } %>
24: </body> 
25: </html>


An error occurred at line: 23 in the jsp file: /thirdExample.jsp
Syntax error on token(s), misplaced construct(s)
20: totalvisits = new Integer(totalvisits.intValue() + 1);
21: session.putValue("visitcounter", totalvisits);
22: out.println("You have visited this page " + totalvisits +" time(s)!");
23: } %>
24: </body> 
25: </html>


An error occurred at line: 23 in the jsp file: /thirdExample.jsp
Syntax error on token ""\r\n"", delete this token
20: totalvisits = new Integer(totalvisits.intValue() + 1);
21: session.putValue("visitcounter", totalvisits);
22: out.println("You have visited this page " + totalvisits +" time(s)!");
23: } %>
24: </body> 
25: </html>


An error occurred at line: 23 in the jsp file: /thirdExample.jsp
Syntax error on token(s), misplaced construct(s)
20: totalvisits = new Integer(totalvisits.intValue() + 1);
21: session.putValue("visitcounter", totalvisits);
22: out.println("You have visited this page " + totalvisits +" time(s)!");
23: } %>
24: </body> 
25: </html>


An error occurred at line: 23 in the jsp file: /thirdExample.jsp
Syntax error on token ""</body> \r\n"", delete this token
20: totalvisits = new Integer(totalvisits.intValue() + 1);
21: session.putValue("visitcounter", totalvisits);
22: out.println("You have visited this page " + totalvisits +" time(s)!");
23: } %>
24: </body> 
25: </html>


An error occurred at line: 23 in the jsp file: /thirdExample.jsp
Syntax error on token(s), misplaced construct(s)
20: totalvisits = new Integer(totalvisits.intValue() + 1);
21: session.putValue("visitcounter", totalvisits);
22: out.println("You have visited this page " + totalvisits +" time(s)!");
23: } %>
24: </body> 
25: </html>


An error occurred at line: 23 in the jsp file: /thirdExample.jsp
Syntax error on token ""</html>\r\n"", delete this token
20: totalvisits = new Integer(totalvisits.intValue() + 1);
21: session.putValue("visitcounter", totalvisits);
22: out.println("You have visited this page " + totalvisits +" time(s)!");
23: } %>
24: </body> 
25: </html>


An error occurred at line: [88] in the generated java file: [C:\Users\jad.j\Desktop\trainning\JSP\tomcat\work\Catalina\localhost\test\org\apache\jsp\thirdExample_jsp.java]
Syntax error on token "catch", invalid AnnotationName

An error occurred at line: [88] in the generated java file: [C:\Users\jad.j\Desktop\trainning\JSP\tomcat\work\Catalina\localhost\test\org\apache\jsp\thirdExample_jsp.java]
Syntax error on token(s), misplaced construct(s)

An error occurred at line: [88] in the generated java file: [C:\Users\jad.j\Desktop\trainning\JSP\tomcat\work\Catalina\localhost\test\org\apache\jsp\thirdExample_jsp.java]
Syntax error, insert "enum Identifier" to complete EnumHeader

An error occurred at line: [90] in the generated java file: [C:\Users\jad.j\Desktop\trainning\JSP\tomcat\work\Catalina\localhost\test\org\apache\jsp\thirdExample_jsp.java]
out cannot be resolved to a variable

An error occurred at line: [90] in the generated java file: [C:\Users\jad.j\Desktop\trainning\JSP\tomcat\work\Catalina\localhost\test\org\apache\jsp\thirdExample_jsp.java]
_jspx_out cannot be resolved to a variable

An error occurred at line: [91] in the generated java file: [C:\Users\jad.j\Desktop\trainning\JSP\tomcat\work\Catalina\localhost\test\org\apache\jsp\thirdExample_jsp.java]
out cannot be resolved to a variable

An error occurred at line: [91] in the generated java file: [C:\Users\jad.j\Desktop\trainning\JSP\tomcat\work\Catalina\localhost\test\org\apache\jsp\thirdExample_jsp.java]
out cannot be resolved

An error occurred at line: [92] in the generated java file: [C:\Users\jad.j\Desktop\trainning\JSP\tomcat\work\Catalina\localhost\test\org\apache\jsp\thirdExample_jsp.java]
out cannot be resolved

An error occurred at line: [93] in the generated java file: [C:\Users\jad.j\Desktop\trainning\JSP\tomcat\work\Catalina\localhost\test\org\apache\jsp\thirdExample_jsp.java]
_jspx_page_context cannot be resolved to a variable

An error occurred at line: [93] in the generated java file: [C:\Users\jad.j\Desktop\trainning\JSP\tomcat\work\Catalina\localhost\test\org\apache\jsp\thirdExample_jsp.java]
_jspx_page_context cannot be resolved

An error occurred at line: [96] in the generated java file: [C:\Users\jad.j\Desktop\trainning\JSP\tomcat\work\Catalina\localhost\test\org\apache\jsp\thirdExample_jsp.java]
Syntax error on token "finally", invalid AnnotationTypeDeclarationHeader

An error occurred at line: [96] in the generated java file: [C:\Users\jad.j\Desktop\trainning\JSP\tomcat\work\Catalina\localhost\test\org\apache\jsp\thirdExample_jsp.java]
Syntax error, insert "}" to complete AnnotationTypeBody

An error occurred at line: [97] in the generated java file: [C:\Users\jad.j\Desktop\trainning\JSP\tomcat\work\Catalina\localhost\test\org\apache\jsp\thirdExample_jsp.java]
_jspx_page_context cannot be resolved to a variable

Stacktrace:] with root cause
org.apache.jasper.JasperException: Unable to compile class for JSP: 

An error occurred at line: 17 in the jsp file: /thirdExample.jsp
Syntax error on tokens, delete these tokens
14: session.putValue("visitcounter", totalvisits);
15: // print a message to out visitor
16: out.println("Welcome, visitor");
17: }
18: else
19: // if you have visited the page before then add 1 to the visitcounter
20: totalvisits = new Integer(totalvisits.intValue() + 1);


An error occurred at line: 22 in the jsp file: /thirdExample.jsp
Syntax error, insert "}" to complete Block
19: // if you have visited the page before then add 1 to the visitcounter
20: totalvisits = new Integer(totalvisits.intValue() + 1);
21: session.putValue("visitcounter", totalvisits);
22: out.println("You have visited this page " + totalvisits +" time(s)!");
23: } %>
24: </body> 
25: </html>


An error occurred at line: 22 in the jsp file: /thirdExample.jsp
Syntax error, insert "Finally" to complete TryStatement
19: // if you have visited the page before then add 1 to the visitcounter
20: totalvisits = new Integer(totalvisits.intValue() + 1);
21: session.putValue("visitcounter", totalvisits);
22: out.println("You have visited this page " + totalvisits +" time(s)!");
23: } %>
24: </body> 
25: </html>


An error occurred at line: 23 in the jsp file: /thirdExample.jsp
Syntax error on token(s), misplaced construct(s)
20: totalvisits = new Integer(totalvisits.intValue() + 1);
21: session.putValue("visitcounter", totalvisits);
22: out.println("You have visited this page " + totalvisits +" time(s)!");
23: } %>
24: </body> 
25: </html>


An error occurred at line: 23 in the jsp file: /thirdExample.jsp
Syntax error on token ""\r\n"", delete this token
20: totalvisits = new Integer(totalvisits.intValue() + 1);
21: session.putValue("visitcounter", totalvisits);
22: out.println("You have visited this page " + totalvisits +" time(s)!");
23: } %>
24: </body> 
25: </html>


An error occurred at line: 23 in the jsp file: /thirdExample.jsp
Syntax error on token(s), misplaced construct(s)
20: totalvisits = new Integer(totalvisits.intValue() + 1);
21: session.putValue("visitcounter", totalvisits);
22: out.println("You have visited this page " + totalvisits +" time(s)!");
23: } %>
24: </body> 
25: </html>


An error occurred at line: 23 in the jsp file: /thirdExample.jsp
Syntax error on token ""</body> \r\n"", delete this token
20: totalvisits = new Integer(totalvisits.intValue() + 1);
21: session.putValue("visitcounter", totalvisits);
22: out.println("You have visited this page " + totalvisits +" time(s)!");
23: } %>
24: </body> 
25: </html>


An error occurred at line: 23 in the jsp file: /thirdExample.jsp
Syntax error on token(s), misplaced construct(s)
20: totalvisits = new Integer(totalvisits.intValue() + 1);
21: session.putValue("visitcounter", totalvisits);
22: out.println("You have visited this page " + totalvisits +" time(s)!");
23: } %>
24: </body> 
25: </html>


An error occurred at line: 23 in the jsp file: /thirdExample.jsp
Syntax error on token ""</html>\r\n"", delete this token
20: totalvisits = new Integer(totalvisits.intValue() + 1);
21: session.putValue("visitcounter", totalvisits);
22: out.println("You have visited this page " + totalvisits +" time(s)!");
23: } %>
24: </body> 
25: </html>


An error occurred at line: [88] in the generated java file: [C:\Users\jad.j\Desktop\trainning\JSP\tomcat\work\Catalina\localhost\test\org\apache\jsp\thirdExample_jsp.java]
Syntax error on token "catch", invalid AnnotationName

An error occurred at line: [88] in the generated java file: [C:\Users\jad.j\Desktop\trainning\JSP\tomcat\work\Catalina\localhost\test\org\apache\jsp\thirdExample_jsp.java]
Syntax error on token(s), misplaced construct(s)

An error occurred at line: [88] in the generated java file: [C:\Users\jad.j\Desktop\trainning\JSP\tomcat\work\Catalina\localhost\test\org\apache\jsp\thirdExample_jsp.java]
Syntax error, insert "enum Identifier" to complete EnumHeader

An error occurred at line: [90] in the generated java file: [C:\Users\jad.j\Desktop\trainning\JSP\tomcat\work\Catalina\localhost\test\org\apache\jsp\thirdExample_jsp.java]
out cannot be resolved to a variable

An error occurred at line: [90] in the generated java file: [C:\Users\jad.j\Desktop\trainning\JSP\tomcat\work\Catalina\localhost\test\org\apache\jsp\thirdExample_jsp.java]
_jspx_out cannot be resolved to a variable

An error occurred at line: [91] in the generated java file: [C:\Users\jad.j\Desktop\trainning\JSP\tomcat\work\Catalina\localhost\test\org\apache\jsp\thirdExample_jsp.java]
out cannot be resolved to a variable

An error occurred at line: [91] in the generated java file: [C:\Users\jad.j\Desktop\trainning\JSP\tomcat\work\Catalina\localhost\test\org\apache\jsp\thirdExample_jsp.java]
out cannot be resolved

An error occurred at line: [92] in the generated java file: [C:\Users\jad.j\Desktop\trainning\JSP\tomcat\work\Catalina\localhost\test\org\apache\jsp\thirdExample_jsp.java]
out cannot be resolved

An error occurred at line: [93] in the generated java file: [C:\Users\jad.j\Desktop\trainning\JSP\tomcat\work\Catalina\localhost\test\org\apache\jsp\thirdExample_jsp.java]
_jspx_page_context cannot be resolved to a variable

An error occurred at line: [93] in the generated java file: [C:\Users\jad.j\Desktop\trainning\JSP\tomcat\work\Catalina\localhost\test\org\apache\jsp\thirdExample_jsp.java]
_jspx_page_context cannot be resolved

An error occurred at line: [96] in the generated java file: [C:\Users\jad.j\Desktop\trainning\JSP\tomcat\work\Catalina\localhost\test\org\apache\jsp\thirdExample_jsp.java]
Syntax error on token "finally", invalid AnnotationTypeDeclarationHeader

An error occurred at line: [96] in the generated java file: [C:\Users\jad.j\Desktop\trainning\JSP\tomcat\work\Catalina\localhost\test\org\apache\jsp\thirdExample_jsp.java]
Syntax error, insert "}" to complete AnnotationTypeBody

An error occurred at line: [97] in the generated java file: [C:\Users\jad.j\Desktop\trainning\JSP\tomcat\work\Catalina\localhost\test\org\apache\jsp\thirdExample_jsp.java]
_jspx_page_context cannot be resolved to a variable

Stacktrace:
	at org.apache.jasper.compiler.DefaultErrorHandler.javacError(DefaultErrorHandler.java:103)
	at org.apache.jasper.compiler.ErrorDispatcher.javacError(ErrorDispatcher.java:331)
	at org.apache.jasper.compiler.JDTCompiler.generateClass(JDTCompiler.java:468)
	at org.apache.jasper.compiler.Compiler.compile(Compiler.java:378)
	at org.apache.jasper.compiler.Compiler.compile(Compiler.java:353)
	at org.apache.jasper.compiler.Compiler.compile(Compiler.java:340)
	at org.apache.jasper.JspCompilationContext.compile(JspCompilationContext.java:646)
	at org.apache.jasper.servlet.JspServletWrapper.service(JspServletWrapper.java:357)
	at org.apache.jasper.servlet.JspServlet.serviceJspFile(JspServlet.java:390)
	at org.apache.jasper.servlet.JspServlet.service(JspServlet.java:334)
	at javax.servlet.http.HttpServlet.service(HttpServlet.java:728)
	at org.apache.catalina.core.ApplicationFilterChain.internalDoFilter(ApplicationFilterChain.java:305)
	at org.apache.catalina.core.ApplicationFilterChain.doFilter(ApplicationFilterChain.java:210)
	at org.apache.catalina.core.StandardWrapperValve.invoke(StandardWrapperValve.java:222)
	at org.apache.catalina.core.StandardContextValve.invoke(StandardContextValve.java:123)
	at org.apache.catalina.authenticator.AuthenticatorBase.invoke(AuthenticatorBase.java:472)
	at org.apache.catalina.core.StandardHostValve.invoke(StandardHostValve.java:171)
	at org.apache.catalina.valves.ErrorReportValve.invoke(ErrorReportValve.java:99)
	at org.apache.catalina.valves.AccessLogValve.invoke(AccessLogValve.java:936)
	at org.apache.catalina.core.StandardEngineValve.invoke(StandardEngineValve.java:118)
	at org.apache.catalina.connector.CoyoteAdapter.service(CoyoteAdapter.java:407)
	at org.apache.coyote.http11.AbstractHttp11Processor.process(AbstractHttp11Processor.java:1004)
	at org.apache.coyote.AbstractProtocol$AbstractConnectionHandler.process(AbstractProtocol.java:589)
	at org.apache.tomcat.util.net.JIoEndpoint$SocketProcessor.run(JIoEndpoint.java:310)
	at java.util.concurrent.ThreadPoolExecutor.runWorker(ThreadPoolExecutor.java:1110)
	at java.util.concurrent.ThreadPoolExecutor$Worker.run(ThreadPoolExecutor.java:603)
	at java.lang.Thread.run(Thread.java:722)

Oct 20, 2023 4:27:51 PM org.apache.catalina.core.StandardWrapperValve invoke
SEVERE: Servlet.service() for servlet [jsp] in context with path [] threw exception [Unable to compile class for JSP: 

An error occurred at line: 8 in the jsp file: /exercises/exe02.jsp
myMessage cannot be resolved to a variable
5: <meta charset="ISO-8859-1">
6: 
7: <script>
8: var myMessage = "<%= myMessage %>";
9: function func1()
10: {
11: 	


Stacktrace:] with root cause
org.apache.jasper.JasperException: Unable to compile class for JSP: 

An error occurred at line: 8 in the jsp file: /exercises/exe02.jsp
myMessage cannot be resolved to a variable
5: <meta charset="ISO-8859-1">
6: 
7: <script>
8: var myMessage = "<%= myMessage %>";
9: function func1()
10: {
11: 	


Stacktrace:
	at org.apache.jasper.compiler.DefaultErrorHandler.javacError(DefaultErrorHandler.java:103)
	at org.apache.jasper.compiler.ErrorDispatcher.javacError(ErrorDispatcher.java:331)
	at org.apache.jasper.compiler.JDTCompiler.generateClass(JDTCompiler.java:468)
	at org.apache.jasper.compiler.Compiler.compile(Compiler.java:378)
	at org.apache.jasper.compiler.Compiler.compile(Compiler.java:353)
	at org.apache.jasper.compiler.Compiler.compile(Compiler.java:340)
	at org.apache.jasper.JspCompilationContext.compile(JspCompilationContext.java:646)
	at org.apache.jasper.servlet.JspServletWrapper.service(JspServletWrapper.java:357)
	at org.apache.jasper.servlet.JspServlet.serviceJspFile(JspServlet.java:390)
	at org.apache.jasper.servlet.JspServlet.service(JspServlet.java:334)
	at javax.servlet.http.HttpServlet.service(HttpServlet.java:728)
	at org.apache.catalina.core.ApplicationFilterChain.internalDoFilter(ApplicationFilterChain.java:305)
	at org.apache.catalina.core.ApplicationFilterChain.doFilter(ApplicationFilterChain.java:210)
	at org.apache.catalina.core.StandardWrapperValve.invoke(StandardWrapperValve.java:222)
	at org.apache.catalina.core.StandardContextValve.invoke(StandardContextValve.java:123)
	at org.apache.catalina.authenticator.AuthenticatorBase.invoke(AuthenticatorBase.java:472)
	at org.apache.catalina.core.StandardHostValve.invoke(StandardHostValve.java:171)
	at org.apache.catalina.valves.ErrorReportValve.invoke(ErrorReportValve.java:99)
	at org.apache.catalina.valves.AccessLogValve.invoke(AccessLogValve.java:936)
	at org.apache.catalina.core.StandardEngineValve.invoke(StandardEngineValve.java:118)
	at org.apache.catalina.connector.CoyoteAdapter.service(CoyoteAdapter.java:407)
	at org.apache.coyote.http11.AbstractHttp11Processor.process(AbstractHttp11Processor.java:1004)
	at org.apache.coyote.AbstractProtocol$AbstractConnectionHandler.process(AbstractProtocol.java:589)
	at org.apache.tomcat.util.net.JIoEndpoint$SocketProcessor.run(JIoEndpoint.java:310)
	at java.util.concurrent.ThreadPoolExecutor.runWorker(ThreadPoolExecutor.java:1110)
	at java.util.concurrent.ThreadPoolExecutor$Worker.run(ThreadPoolExecutor.java:603)
	at java.lang.Thread.run(Thread.java:722)

Oct 20, 2023 4:28:17 PM org.apache.catalina.core.StandardWrapperValve invoke
SEVERE: Servlet.service() for servlet [jsp] in context with path [] threw exception [Unable to compile class for JSP: 

An error occurred at line: 11 in the jsp file: /exercises/exe02.jsp
myMessage cannot be resolved to a variable
8: 
9: function func1()
10: {
11: 	var myMessage = "<%= myMessage %>";
12: 	if(document.getElementById('usrname')=="secure" &&document.getElementById('pass')== "pass"){
13: 		
14: 		document.getElementById('main_div').innerHTML = "";	}


Stacktrace:] with root cause
org.apache.jasper.JasperException: Unable to compile class for JSP: 

An error occurred at line: 11 in the jsp file: /exercises/exe02.jsp
myMessage cannot be resolved to a variable
8: 
9: function func1()
10: {
11: 	var myMessage = "<%= myMessage %>";
12: 	if(document.getElementById('usrname')=="secure" &&document.getElementById('pass')== "pass"){
13: 		
14: 		document.getElementById('main_div').innerHTML = "";	}


Stacktrace:
	at org.apache.jasper.compiler.DefaultErrorHandler.javacError(DefaultErrorHandler.java:103)
	at org.apache.jasper.compiler.ErrorDispatcher.javacError(ErrorDispatcher.java:331)
	at org.apache.jasper.compiler.JDTCompiler.generateClass(JDTCompiler.java:468)
	at org.apache.jasper.compiler.Compiler.compile(Compiler.java:378)
	at org.apache.jasper.compiler.Compiler.compile(Compiler.java:353)
	at org.apache.jasper.compiler.Compiler.compile(Compiler.java:340)
	at org.apache.jasper.JspCompilationContext.compile(JspCompilationContext.java:646)
	at org.apache.jasper.servlet.JspServletWrapper.service(JspServletWrapper.java:357)
	at org.apache.jasper.servlet.JspServlet.serviceJspFile(JspServlet.java:390)
	at org.apache.jasper.servlet.JspServlet.service(JspServlet.java:334)
	at javax.servlet.http.HttpServlet.service(HttpServlet.java:728)
	at org.apache.catalina.core.ApplicationFilterChain.internalDoFilter(ApplicationFilterChain.java:305)
	at org.apache.catalina.core.ApplicationFilterChain.doFilter(ApplicationFilterChain.java:210)
	at org.apache.catalina.core.StandardWrapperValve.invoke(StandardWrapperValve.java:222)
	at org.apache.catalina.core.StandardContextValve.invoke(StandardContextValve.java:123)
	at org.apache.catalina.authenticator.AuthenticatorBase.invoke(AuthenticatorBase.java:472)
	at org.apache.catalina.core.StandardHostValve.invoke(StandardHostValve.java:171)
	at org.apache.catalina.valves.ErrorReportValve.invoke(ErrorReportValve.java:99)
	at org.apache.catalina.valves.AccessLogValve.invoke(AccessLogValve.java:936)
	at org.apache.catalina.core.StandardEngineValve.invoke(StandardEngineValve.java:118)
	at org.apache.catalina.connector.CoyoteAdapter.service(CoyoteAdapter.java:407)
	at org.apache.coyote.http11.AbstractHttp11Processor.process(AbstractHttp11Processor.java:1004)
	at org.apache.coyote.AbstractProtocol$AbstractConnectionHandler.process(AbstractProtocol.java:589)
	at org.apache.tomcat.util.net.JIoEndpoint$SocketProcessor.run(JIoEndpoint.java:310)
	at java.util.concurrent.ThreadPoolExecutor.runWorker(ThreadPoolExecutor.java:1110)
	at java.util.concurrent.ThreadPoolExecutor$Worker.run(ThreadPoolExecutor.java:603)
	at java.lang.Thread.run(Thread.java:722)

Oct 20, 2023 4:30:35 PM org.apache.catalina.core.StandardWrapperValve invoke
SEVERE: Servlet.service() for servlet [jsp] in context with path [] threw exception [Unable to compile class for JSP: 

An error occurred at line: 8 in the jsp file: /exercises/exe02.jsp
myMessage cannot be resolved to a variable
5: <meta charset="ISO-8859-1">
6: 
7: <script>
8: var myMessage = "<%= myMessage %>";
9: function func1()
10: {
11: 	


Stacktrace:] with root cause
org.apache.jasper.JasperException: Unable to compile class for JSP: 

An error occurred at line: 8 in the jsp file: /exercises/exe02.jsp
myMessage cannot be resolved to a variable
5: <meta charset="ISO-8859-1">
6: 
7: <script>
8: var myMessage = "<%= myMessage %>";
9: function func1()
10: {
11: 	


Stacktrace:
	at org.apache.jasper.compiler.DefaultErrorHandler.javacError(DefaultErrorHandler.java:103)
	at org.apache.jasper.compiler.ErrorDispatcher.javacError(ErrorDispatcher.java:331)
	at org.apache.jasper.compiler.JDTCompiler.generateClass(JDTCompiler.java:468)
	at org.apache.jasper.compiler.Compiler.compile(Compiler.java:378)
	at org.apache.jasper.compiler.Compiler.compile(Compiler.java:353)
	at org.apache.jasper.compiler.Compiler.compile(Compiler.java:340)
	at org.apache.jasper.JspCompilationContext.compile(JspCompilationContext.java:646)
	at org.apache.jasper.servlet.JspServletWrapper.service(JspServletWrapper.java:357)
	at org.apache.jasper.servlet.JspServlet.serviceJspFile(JspServlet.java:390)
	at org.apache.jasper.servlet.JspServlet.service(JspServlet.java:334)
	at javax.servlet.http.HttpServlet.service(HttpServlet.java:728)
	at org.apache.catalina.core.ApplicationFilterChain.internalDoFilter(ApplicationFilterChain.java:305)
	at org.apache.catalina.core.ApplicationFilterChain.doFilter(ApplicationFilterChain.java:210)
	at org.apache.catalina.core.StandardWrapperValve.invoke(StandardWrapperValve.java:222)
	at org.apache.catalina.core.StandardContextValve.invoke(StandardContextValve.java:123)
	at org.apache.catalina.authenticator.AuthenticatorBase.invoke(AuthenticatorBase.java:472)
	at org.apache.catalina.core.StandardHostValve.invoke(StandardHostValve.java:171)
	at org.apache.catalina.valves.ErrorReportValve.invoke(ErrorReportValve.java:99)
	at org.apache.catalina.valves.AccessLogValve.invoke(AccessLogValve.java:936)
	at org.apache.catalina.core.StandardEngineValve.invoke(StandardEngineValve.java:118)
	at org.apache.catalina.connector.CoyoteAdapter.service(CoyoteAdapter.java:407)
	at org.apache.coyote.http11.AbstractHttp11Processor.process(AbstractHttp11Processor.java:1004)
	at org.apache.coyote.AbstractProtocol$AbstractConnectionHandler.process(AbstractProtocol.java:589)
	at org.apache.tomcat.util.net.JIoEndpoint$SocketProcessor.run(JIoEndpoint.java:310)
	at java.util.concurrent.ThreadPoolExecutor.runWorker(ThreadPoolExecutor.java:1110)
	at java.util.concurrent.ThreadPoolExecutor$Worker.run(ThreadPoolExecutor.java:603)
	at java.lang.Thread.run(Thread.java:722)

Oct 20, 2023 4:31:40 PM org.apache.catalina.core.StandardWrapperValve invoke
SEVERE: Servlet.service() for servlet [jsp] in context with path [] threw exception [Unable to compile class for JSP: 

An error occurred at line: 8 in the jsp file: /exercises/exe02.jsp
myMessage cannot be resolved to a variable
5: <meta charset="ISO-8859-1">
6: 
7: <script>
8: String myMessage = "<%= myMessage %>";
9: function func1()
10: {
11: 	


Stacktrace:] with root cause
org.apache.jasper.JasperException: Unable to compile class for JSP: 

An error occurred at line: 8 in the jsp file: /exercises/exe02.jsp
myMessage cannot be resolved to a variable
5: <meta charset="ISO-8859-1">
6: 
7: <script>
8: String myMessage = "<%= myMessage %>";
9: function func1()
10: {
11: 	


Stacktrace:
	at org.apache.jasper.compiler.DefaultErrorHandler.javacError(DefaultErrorHandler.java:103)
	at org.apache.jasper.compiler.ErrorDispatcher.javacError(ErrorDispatcher.java:331)
	at org.apache.jasper.compiler.JDTCompiler.generateClass(JDTCompiler.java:468)
	at org.apache.jasper.compiler.Compiler.compile(Compiler.java:378)
	at org.apache.jasper.compiler.Compiler.compile(Compiler.java:353)
	at org.apache.jasper.compiler.Compiler.compile(Compiler.java:340)
	at org.apache.jasper.JspCompilationContext.compile(JspCompilationContext.java:646)
	at org.apache.jasper.servlet.JspServletWrapper.service(JspServletWrapper.java:357)
	at org.apache.jasper.servlet.JspServlet.serviceJspFile(JspServlet.java:390)
	at org.apache.jasper.servlet.JspServlet.service(JspServlet.java:334)
	at javax.servlet.http.HttpServlet.service(HttpServlet.java:728)
	at org.apache.catalina.core.ApplicationFilterChain.internalDoFilter(ApplicationFilterChain.java:305)
	at org.apache.catalina.core.ApplicationFilterChain.doFilter(ApplicationFilterChain.java:210)
	at org.apache.catalina.core.StandardWrapperValve.invoke(StandardWrapperValve.java:222)
	at org.apache.catalina.core.StandardContextValve.invoke(StandardContextValve.java:123)
	at org.apache.catalina.authenticator.AuthenticatorBase.invoke(AuthenticatorBase.java:472)
	at org.apache.catalina.core.StandardHostValve.invoke(StandardHostValve.java:171)
	at org.apache.catalina.valves.ErrorReportValve.invoke(ErrorReportValve.java:99)
	at org.apache.catalina.valves.AccessLogValve.invoke(AccessLogValve.java:936)
	at org.apache.catalina.core.StandardEngineValve.invoke(StandardEngineValve.java:118)
	at org.apache.catalina.connector.CoyoteAdapter.service(CoyoteAdapter.java:407)
	at org.apache.coyote.http11.AbstractHttp11Processor.process(AbstractHttp11Processor.java:1004)
	at org.apache.coyote.AbstractProtocol$AbstractConnectionHandler.process(AbstractProtocol.java:589)
	at org.apache.tomcat.util.net.JIoEndpoint$SocketProcessor.run(JIoEndpoint.java:310)
	at java.util.concurrent.ThreadPoolExecutor.runWorker(ThreadPoolExecutor.java:1110)
	at java.util.concurrent.ThreadPoolExecutor$Worker.run(ThreadPoolExecutor.java:603)
	at java.lang.Thread.run(Thread.java:722)

Oct 20, 2023 4:38:37 PM org.apache.catalina.core.StandardWrapperValve invoke
SEVERE: Servlet.service() for servlet [jsp] in context with path [] threw exception [Unable to compile class for JSP: 

An error occurred at line: 17 in the jsp file: /exercises/exe02.jsp
Syntax error on token "function", new expected
14: <body>
15: <%
16:         String myMessage = "succefull login";
17: function func1()
18: {
19: 	
20: 	if(document.getElementById('usrname')=="secure" &&document.getElementById('pass')== "pass"){


An error occurred at line: 17 in the jsp file: /exercises/exe02.jsp
func1 cannot be resolved to a type
14: <body>
15: <%
16:         String myMessage = "succefull login";
17: function func1()
18: {
19: 	
20: 	if(document.getElementById('usrname')=="secure" &&document.getElementById('pass')== "pass"){


An error occurred at line: 18 in the jsp file: /exercises/exe02.jsp
Syntax error, insert "}" to complete ClassBody
15: <%
16:         String myMessage = "succefull login";
17: function func1()
18: {
19: 	
20: 	if(document.getElementById('usrname')=="secure" &&document.getElementById('pass')== "pass"){
21: 		


An error occurred at line: 18 in the jsp file: /exercises/exe02.jsp
Syntax error, insert ";" to complete Statement
15: <%
16:         String myMessage = "succefull login";
17: function func1()
18: {
19: 	
20: 	if(document.getElementById('usrname')=="secure" &&document.getElementById('pass')== "pass"){
21: 		


An error occurred at line: 20 in the jsp file: /exercises/exe02.jsp
Invalid character constant
17: function func1()
18: {
19: 	
20: 	if(document.getElementById('usrname')=="secure" &&document.getElementById('pass')== "pass"){
21: 		
22: 		document.getElementById('main_div').innerHTML = "";	}
23: 	document.getElementById('main_div').innerHTML = myMessage;


An error occurred at line: 24 in the jsp file: /exercises/exe02.jsp
Syntax error, insert "Finally" to complete TryStatement
21: 		
22: 		document.getElementById('main_div').innerHTML = "";	}
23: 	document.getElementById('main_div').innerHTML = myMessage;
24: }
25:     %>
26: 
27: <div id= "main_div">


An error occurred at line: [108] in the generated java file: [C:\Users\jad.j\Desktop\trainning\JSP\tomcat\work\Catalina\localhost\_\org\apache\jsp\exercises\exe02_jsp.java]
Syntax error on tokens, delete these tokens

An error occurred at line: [108] in the generated java file: [C:\Users\jad.j\Desktop\trainning\JSP\tomcat\work\Catalina\localhost\_\org\apache\jsp\exercises\exe02_jsp.java]
Syntax error on token(s), misplaced construct(s)

An error occurred at line: [108] in the generated java file: [C:\Users\jad.j\Desktop\trainning\JSP\tomcat\work\Catalina\localhost\_\org\apache\jsp\exercises\exe02_jsp.java]
Syntax error, insert "AssignmentOperator Expression" to complete Assignment

An error occurred at line: [108] in the generated java file: [C:\Users\jad.j\Desktop\trainning\JSP\tomcat\work\Catalina\localhost\_\org\apache\jsp\exercises\exe02_jsp.java]
Syntax error, insert ";" to complete Statement

An error occurred at line: [116] in the generated java file: [C:\Users\jad.j\Desktop\trainning\JSP\tomcat\work\Catalina\localhost\_\org\apache\jsp\exercises\exe02_jsp.java]
Syntax error on token "finally", delete this token

Stacktrace:] with root cause
org.apache.jasper.JasperException: Unable to compile class for JSP: 

An error occurred at line: 17 in the jsp file: /exercises/exe02.jsp
Syntax error on token "function", new expected
14: <body>
15: <%
16:         String myMessage = "succefull login";
17: function func1()
18: {
19: 	
20: 	if(document.getElementById('usrname')=="secure" &&document.getElementById('pass')== "pass"){


An error occurred at line: 17 in the jsp file: /exercises/exe02.jsp
func1 cannot be resolved to a type
14: <body>
15: <%
16:         String myMessage = "succefull login";
17: function func1()
18: {
19: 	
20: 	if(document.getElementById('usrname')=="secure" &&document.getElementById('pass')== "pass"){


An error occurred at line: 18 in the jsp file: /exercises/exe02.jsp
Syntax error, insert "}" to complete ClassBody
15: <%
16:         String myMessage = "succefull login";
17: function func1()
18: {
19: 	
20: 	if(document.getElementById('usrname')=="secure" &&document.getElementById('pass')== "pass"){
21: 		


An error occurred at line: 18 in the jsp file: /exercises/exe02.jsp
Syntax error, insert ";" to complete Statement
15: <%
16:         String myMessage = "succefull login";
17: function func1()
18: {
19: 	
20: 	if(document.getElementById('usrname')=="secure" &&document.getElementById('pass')== "pass"){
21: 		


An error occurred at line: 20 in the jsp file: /exercises/exe02.jsp
Invalid character constant
17: function func1()
18: {
19: 	
20: 	if(document.getElementById('usrname')=="secure" &&document.getElementById('pass')== "pass"){
21: 		
22: 		document.getElementById('main_div').innerHTML = "";	}
23: 	document.getElementById('main_div').innerHTML = myMessage;


An error occurred at line: 24 in the jsp file: /exercises/exe02.jsp
Syntax error, insert "Finally" to complete TryStatement
21: 		
22: 		document.getElementById('main_div').innerHTML = "";	}
23: 	document.getElementById('main_div').innerHTML = myMessage;
24: }
25:     %>
26: 
27: <div id= "main_div">


An error occurred at line: [108] in the generated java file: [C:\Users\jad.j\Desktop\trainning\JSP\tomcat\work\Catalina\localhost\_\org\apache\jsp\exercises\exe02_jsp.java]
Syntax error on tokens, delete these tokens

An error occurred at line: [108] in the generated java file: [C:\Users\jad.j\Desktop\trainning\JSP\tomcat\work\Catalina\localhost\_\org\apache\jsp\exercises\exe02_jsp.java]
Syntax error on token(s), misplaced construct(s)

An error occurred at line: [108] in the generated java file: [C:\Users\jad.j\Desktop\trainning\JSP\tomcat\work\Catalina\localhost\_\org\apache\jsp\exercises\exe02_jsp.java]
Syntax error, insert "AssignmentOperator Expression" to complete Assignment

An error occurred at line: [108] in the generated java file: [C:\Users\jad.j\Desktop\trainning\JSP\tomcat\work\Catalina\localhost\_\org\apache\jsp\exercises\exe02_jsp.java]
Syntax error, insert ";" to complete Statement

An error occurred at line: [116] in the generated java file: [C:\Users\jad.j\Desktop\trainning\JSP\tomcat\work\Catalina\localhost\_\org\apache\jsp\exercises\exe02_jsp.java]
Syntax error on token "finally", delete this token

Stacktrace:
	at org.apache.jasper.compiler.DefaultErrorHandler.javacError(DefaultErrorHandler.java:103)
	at org.apache.jasper.compiler.ErrorDispatcher.javacError(ErrorDispatcher.java:331)
	at org.apache.jasper.compiler.JDTCompiler.generateClass(JDTCompiler.java:468)
	at org.apache.jasper.compiler.Compiler.compile(Compiler.java:378)
	at org.apache.jasper.compiler.Compiler.compile(Compiler.java:353)
	at org.apache.jasper.compiler.Compiler.compile(Compiler.java:340)
	at org.apache.jasper.JspCompilationContext.compile(JspCompilationContext.java:646)
	at org.apache.jasper.servlet.JspServletWrapper.service(JspServletWrapper.java:357)
	at org.apache.jasper.servlet.JspServlet.serviceJspFile(JspServlet.java:390)
	at org.apache.jasper.servlet.JspServlet.service(JspServlet.java:334)
	at javax.servlet.http.HttpServlet.service(HttpServlet.java:728)
	at org.apache.catalina.core.ApplicationFilterChain.internalDoFilter(ApplicationFilterChain.java:305)
	at org.apache.catalina.core.ApplicationFilterChain.doFilter(ApplicationFilterChain.java:210)
	at org.apache.catalina.core.StandardWrapperValve.invoke(StandardWrapperValve.java:222)
	at org.apache.catalina.core.StandardContextValve.invoke(StandardContextValve.java:123)
	at org.apache.catalina.authenticator.AuthenticatorBase.invoke(AuthenticatorBase.java:472)
	at org.apache.catalina.core.StandardHostValve.invoke(StandardHostValve.java:171)
	at org.apache.catalina.valves.ErrorReportValve.invoke(ErrorReportValve.java:99)
	at org.apache.catalina.valves.AccessLogValve.invoke(AccessLogValve.java:936)
	at org.apache.catalina.core.StandardEngineValve.invoke(StandardEngineValve.java:118)
	at org.apache.catalina.connector.CoyoteAdapter.service(CoyoteAdapter.java:407)
	at org.apache.coyote.http11.AbstractHttp11Processor.process(AbstractHttp11Processor.java:1004)
	at org.apache.coyote.AbstractProtocol$AbstractConnectionHandler.process(AbstractProtocol.java:589)
	at org.apache.tomcat.util.net.JIoEndpoint$SocketProcessor.run(JIoEndpoint.java:310)
	at java.util.concurrent.ThreadPoolExecutor.runWorker(ThreadPoolExecutor.java:1110)
	at java.util.concurrent.ThreadPoolExecutor$Worker.run(ThreadPoolExecutor.java:603)
	at java.lang.Thread.run(Thread.java:722)

Oct 20, 2023 4:49:09 PM org.apache.catalina.core.StandardWrapperValve invoke
SEVERE: Servlet.service() for servlet [jsp] in context with path [] threw exception [Unable to compile class for JSP: 

An error occurred at line: 24 in the jsp file: /exercises/exe02.jsp
Syntax error on token "=", delete this token
21:     String pass = request.getParameter("pass"); // Get the value of the password input
22: 
23:     // Check if the username and password match "secure" and "pass"
24:     if (usrname === "secure" && pass === "pass") {
25:         // If they match, do nothing (empty the main_div)
26:         %>
27:         <div id="main_div">


An error occurred at line: 24 in the jsp file: /exercises/exe02.jsp
Syntax error on token "=", delete this token
21:     String pass = request.getParameter("pass"); // Get the value of the password input
22: 
23:     // Check if the username and password match "secure" and "pass"
24:     if (usrname === "secure" && pass === "pass") {
25:         // If they match, do nothing (empty the main_div)
26:         %>
27:         <div id="main_div">


Stacktrace:] with root cause
org.apache.jasper.JasperException: Unable to compile class for JSP: 

An error occurred at line: 24 in the jsp file: /exercises/exe02.jsp
Syntax error on token "=", delete this token
21:     String pass = request.getParameter("pass"); // Get the value of the password input
22: 
23:     // Check if the username and password match "secure" and "pass"
24:     if (usrname === "secure" && pass === "pass") {
25:         // If they match, do nothing (empty the main_div)
26:         %>
27:         <div id="main_div">


An error occurred at line: 24 in the jsp file: /exercises/exe02.jsp
Syntax error on token "=", delete this token
21:     String pass = request.getParameter("pass"); // Get the value of the password input
22: 
23:     // Check if the username and password match "secure" and "pass"
24:     if (usrname === "secure" && pass === "pass") {
25:         // If they match, do nothing (empty the main_div)
26:         %>
27:         <div id="main_div">


Stacktrace:
	at org.apache.jasper.compiler.DefaultErrorHandler.javacError(DefaultErrorHandler.java:103)
	at org.apache.jasper.compiler.ErrorDispatcher.javacError(ErrorDispatcher.java:331)
	at org.apache.jasper.compiler.JDTCompiler.generateClass(JDTCompiler.java:468)
	at org.apache.jasper.compiler.Compiler.compile(Compiler.java:378)
	at org.apache.jasper.compiler.Compiler.compile(Compiler.java:353)
	at org.apache.jasper.compiler.Compiler.compile(Compiler.java:340)
	at org.apache.jasper.JspCompilationContext.compile(JspCompilationContext.java:646)
	at org.apache.jasper.servlet.JspServletWrapper.service(JspServletWrapper.java:357)
	at org.apache.jasper.servlet.JspServlet.serviceJspFile(JspServlet.java:390)
	at org.apache.jasper.servlet.JspServlet.service(JspServlet.java:334)
	at javax.servlet.http.HttpServlet.service(HttpServlet.java:728)
	at org.apache.catalina.core.ApplicationFilterChain.internalDoFilter(ApplicationFilterChain.java:305)
	at org.apache.catalina.core.ApplicationFilterChain.doFilter(ApplicationFilterChain.java:210)
	at org.apache.catalina.core.StandardWrapperValve.invoke(StandardWrapperValve.java:222)
	at org.apache.catalina.core.StandardContextValve.invoke(StandardContextValve.java:123)
	at org.apache.catalina.authenticator.AuthenticatorBase.invoke(AuthenticatorBase.java:472)
	at org.apache.catalina.core.StandardHostValve.invoke(StandardHostValve.java:171)
	at org.apache.catalina.valves.ErrorReportValve.invoke(ErrorReportValve.java:99)
	at org.apache.catalina.valves.AccessLogValve.invoke(AccessLogValve.java:936)
	at org.apache.catalina.core.StandardEngineValve.invoke(StandardEngineValve.java:118)
	at org.apache.catalina.connector.CoyoteAdapter.service(CoyoteAdapter.java:407)
	at org.apache.coyote.http11.AbstractHttp11Processor.process(AbstractHttp11Processor.java:1004)
	at org.apache.coyote.AbstractProtocol$AbstractConnectionHandler.process(AbstractProtocol.java:589)
	at org.apache.tomcat.util.net.JIoEndpoint$SocketProcessor.run(JIoEndpoint.java:310)
	at java.util.concurrent.ThreadPoolExecutor.runWorker(ThreadPoolExecutor.java:1110)
	at java.util.concurrent.ThreadPoolExecutor$Worker.run(ThreadPoolExecutor.java:603)
	at java.lang.Thread.run(Thread.java:722)

Oct 20, 2023 5:00:27 PM org.apache.catalina.core.StandardWrapperValve invoke
SEVERE: Servlet.service() for servlet [jsp] in context with path [] threw exception [An exception occurred processing JSP page /exercises/exe02.jsp at line 34

31:             </div>
32:             <%
33:         }
34:         response.sendRedirect(request.getRequestURI());
35:     }
36: %>
37: 


Stacktrace:] with root cause
java.lang.IllegalStateException: Cannot call sendRedirect() after the response has been committed
	at org.apache.catalina.connector.ResponseFacade.sendRedirect(ResponseFacade.java:483)
	at org.apache.jsp.exercises.exe02_jsp._jspService(exe02_jsp.java:103)
	at org.apache.jasper.runtime.HttpJspBase.service(HttpJspBase.java:70)
	at javax.servlet.http.HttpServlet.service(HttpServlet.java:728)
	at org.apache.jasper.servlet.JspServletWrapper.service(JspServletWrapper.java:432)
	at org.apache.jasper.servlet.JspServlet.serviceJspFile(JspServlet.java:390)
	at org.apache.jasper.servlet.JspServlet.service(JspServlet.java:334)
	at javax.servlet.http.HttpServlet.service(HttpServlet.java:728)
	at org.apache.catalina.core.ApplicationFilterChain.internalDoFilter(ApplicationFilterChain.java:305)
	at org.apache.catalina.core.ApplicationFilterChain.doFilter(ApplicationFilterChain.java:210)
	at org.apache.catalina.core.StandardWrapperValve.invoke(StandardWrapperValve.java:222)
	at org.apache.catalina.core.StandardContextValve.invoke(StandardContextValve.java:123)
	at org.apache.catalina.authenticator.AuthenticatorBase.invoke(AuthenticatorBase.java:472)
	at org.apache.catalina.core.StandardHostValve.invoke(StandardHostValve.java:171)
	at org.apache.catalina.valves.ErrorReportValve.invoke(ErrorReportValve.java:99)
	at org.apache.catalina.valves.AccessLogValve.invoke(AccessLogValve.java:936)
	at org.apache.catalina.core.StandardEngineValve.invoke(StandardEngineValve.java:118)
	at org.apache.catalina.connector.CoyoteAdapter.service(CoyoteAdapter.java:407)
	at org.apache.coyote.http11.AbstractHttp11Processor.process(AbstractHttp11Processor.java:1004)
	at org.apache.coyote.AbstractProtocol$AbstractConnectionHandler.process(AbstractProtocol.java:589)
	at org.apache.tomcat.util.net.JIoEndpoint$SocketProcessor.run(JIoEndpoint.java:310)
	at java.util.concurrent.ThreadPoolExecutor.runWorker(ThreadPoolExecutor.java:1110)
	at java.util.concurrent.ThreadPoolExecutor$Worker.run(ThreadPoolExecutor.java:603)
	at java.lang.Thread.run(Thread.java:722)

Oct 20, 2023 5:01:00 PM org.apache.catalina.core.StandardWrapperValve invoke
SEVERE: Servlet.service() for servlet [jsp] in context with path [] threw exception [An exception occurred processing JSP page /exercises/exe02.jsp at line 19

16:         // Check if the username and password match "secure" and "pass" when the form is submitted
17:         if ("secure".equals(usrname) && "pass".equals(pass)) {
18:         	
19:         	response.sendRedirect(request.getRequestURI());
20:             // If they match, display the success message
21:             %>
22:             <div id="main_div">


Stacktrace:] with root cause
java.lang.IllegalStateException: Cannot call sendRedirect() after the response has been committed
	at org.apache.catalina.connector.ResponseFacade.sendRedirect(ResponseFacade.java:483)
	at org.apache.jsp.exercises.exe02_jsp._jspService(exe02_jsp.java:80)
	at org.apache.jasper.runtime.HttpJspBase.service(HttpJspBase.java:70)
	at javax.servlet.http.HttpServlet.service(HttpServlet.java:728)
	at org.apache.jasper.servlet.JspServletWrapper.service(JspServletWrapper.java:432)
	at org.apache.jasper.servlet.JspServlet.serviceJspFile(JspServlet.java:390)
	at org.apache.jasper.servlet.JspServlet.service(JspServlet.java:334)
	at javax.servlet.http.HttpServlet.service(HttpServlet.java:728)
	at org.apache.catalina.core.ApplicationFilterChain.internalDoFilter(ApplicationFilterChain.java:305)
	at org.apache.catalina.core.ApplicationFilterChain.doFilter(ApplicationFilterChain.java:210)
	at org.apache.catalina.core.StandardWrapperValve.invoke(StandardWrapperValve.java:222)
	at org.apache.catalina.core.StandardContextValve.invoke(StandardContextValve.java:123)
	at org.apache.catalina.authenticator.AuthenticatorBase.invoke(AuthenticatorBase.java:472)
	at org.apache.catalina.core.StandardHostValve.invoke(StandardHostValve.java:171)
	at org.apache.catalina.valves.ErrorReportValve.invoke(ErrorReportValve.java:99)
	at org.apache.catalina.valves.AccessLogValve.invoke(AccessLogValve.java:936)
	at org.apache.catalina.core.StandardEngineValve.invoke(StandardEngineValve.java:118)
	at org.apache.catalina.connector.CoyoteAdapter.service(CoyoteAdapter.java:407)
	at org.apache.coyote.http11.AbstractHttp11Processor.process(AbstractHttp11Processor.java:1004)
	at org.apache.coyote.AbstractProtocol$AbstractConnectionHandler.process(AbstractProtocol.java:589)
	at org.apache.tomcat.util.net.JIoEndpoint$SocketProcessor.run(JIoEndpoint.java:310)
	at java.util.concurrent.ThreadPoolExecutor.runWorker(ThreadPoolExecutor.java:1110)
	at java.util.concurrent.ThreadPoolExecutor$Worker.run(ThreadPoolExecutor.java:603)
	at java.lang.Thread.run(Thread.java:722)

Oct 20, 2023 5:01:01 PM org.apache.catalina.core.StandardWrapperValve invoke
SEVERE: Servlet.service() for servlet [jsp] in context with path [] threw exception [An exception occurred processing JSP page /exercises/exe02.jsp at line 19

16:         // Check if the username and password match "secure" and "pass" when the form is submitted
17:         if ("secure".equals(usrname) && "pass".equals(pass)) {
18:         	
19:         	response.sendRedirect(request.getRequestURI());
20:             // If they match, display the success message
21:             %>
22:             <div id="main_div">


Stacktrace:] with root cause
java.lang.IllegalStateException: Cannot call sendRedirect() after the response has been committed
	at org.apache.catalina.connector.ResponseFacade.sendRedirect(ResponseFacade.java:483)
	at org.apache.jsp.exercises.exe02_jsp._jspService(exe02_jsp.java:80)
	at org.apache.jasper.runtime.HttpJspBase.service(HttpJspBase.java:70)
	at javax.servlet.http.HttpServlet.service(HttpServlet.java:728)
	at org.apache.jasper.servlet.JspServletWrapper.service(JspServletWrapper.java:432)
	at org.apache.jasper.servlet.JspServlet.serviceJspFile(JspServlet.java:390)
	at org.apache.jasper.servlet.JspServlet.service(JspServlet.java:334)
	at javax.servlet.http.HttpServlet.service(HttpServlet.java:728)
	at org.apache.catalina.core.ApplicationFilterChain.internalDoFilter(ApplicationFilterChain.java:305)
	at org.apache.catalina.core.ApplicationFilterChain.doFilter(ApplicationFilterChain.java:210)
	at org.apache.catalina.core.StandardWrapperValve.invoke(StandardWrapperValve.java:222)
	at org.apache.catalina.core.StandardContextValve.invoke(StandardContextValve.java:123)
	at org.apache.catalina.authenticator.AuthenticatorBase.invoke(AuthenticatorBase.java:472)
	at org.apache.catalina.core.StandardHostValve.invoke(StandardHostValve.java:171)
	at org.apache.catalina.valves.ErrorReportValve.invoke(ErrorReportValve.java:99)
	at org.apache.catalina.valves.AccessLogValve.invoke(AccessLogValve.java:936)
	at org.apache.catalina.core.StandardEngineValve.invoke(StandardEngineValve.java:118)
	at org.apache.catalina.connector.CoyoteAdapter.service(CoyoteAdapter.java:407)
	at org.apache.coyote.http11.AbstractHttp11Processor.process(AbstractHttp11Processor.java:1004)
	at org.apache.coyote.AbstractProtocol$AbstractConnectionHandler.process(AbstractProtocol.java:589)
	at org.apache.tomcat.util.net.JIoEndpoint$SocketProcessor.run(JIoEndpoint.java:310)
	at java.util.concurrent.ThreadPoolExecutor.runWorker(ThreadPoolExecutor.java:1110)
	at java.util.concurrent.ThreadPoolExecutor$Worker.run(ThreadPoolExecutor.java:603)
	at java.lang.Thread.run(Thread.java:722)

