Oct 24, 2023 9:02:34 AM org.apache.catalina.core.StandardWrapperValve invoke
SEVERE: Servlet.service() for servlet [jsp] in context with path [] threw exception [Unable to compile class for JSP: 

An error occurred at line: 32 in the jsp file: /exercises/exe3.jsp
The method getConnection() is undefined for the type exe3_jsp
29: 				Connection connection = null;
30: 				Statement statement = null;
31: 				try {
32: 					connection = getConnection();
33: 
34: 				    String query = "SELECT  EMP_FNAME,EMP_NAME ,EMP_CUR_STATUS,EMP_SEX FROM HR_EMPLOYEE";
35: 				    		


An error occurred at line: 45 in the jsp file: /exercises/exe3.jsp
The operator != is undefined for the argument type(s) int, null
42: 		                String firstname = resultSet.getString("EMP_FNAME");
43: 		                String lastname = resultSet.getString("EMP_NAME");
44: 		                int sexnum = resultSet.getInt("EMP_SEX");
45: 		                if(sexnum != null && sexnum ==1 ){
46: 		                String sex = "Male"	;
47: 		                }else if(sexnum != null && sexnum ==2 ){
48: 		                	String sex = "Female"	;


An error occurred at line: 47 in the jsp file: /exercises/exe3.jsp
The operator != is undefined for the argument type(s) int, null
44: 		                int sexnum = resultSet.getInt("EMP_SEX");
45: 		                if(sexnum != null && sexnum ==1 ){
46: 		                String sex = "Male"	;
47: 		                }else if(sexnum != null && sexnum ==2 ){
48: 		                	String sex = "Female"	;
49: 		                }else{
50: 		                	String sex = "not defined"	;	


An error occurred at line: 53 in the jsp file: /exercises/exe3.jsp
The operator != is undefined for the argument type(s) int, null
50: 		                	String sex = "not defined"	;	
51: 		                }
52: 		                int statusnum = resultSet.getInt("EMP_CUR_STATUS");
53: 		                if(statusnum != null && statusnum ==1 ){
54: 			                String status = "Married"	;
55: 			                }else if(statusnum != null && statusnum ==2 ){
56: 			                	String status = "Single"	;


An error occurred at line: 55 in the jsp file: /exercises/exe3.jsp
The operator != is undefined for the argument type(s) int, null
52: 		                int statusnum = resultSet.getInt("EMP_CUR_STATUS");
53: 		                if(statusnum != null && statusnum ==1 ){
54: 			                String status = "Married"	;
55: 			                }else if(statusnum != null && statusnum ==2 ){
56: 			                	String status = "Single"	;
57: 			                }else{
58: 			                	String status = "not defined"	;	


An error occurred at line: 64 in the jsp file: /exercises/exe3.jsp
status cannot be resolved to a variable
61: 					    <tr>
62: 			                <td><%= firstname %></td>
63: 			                <td>Name<%= lastname %></td>
64: 			                <td><%= status %></td>
65: 			                <td><%= status %></td>
66: 			            </tr>
67: 					               


An error occurred at line: 65 in the jsp file: /exercises/exe3.jsp
status cannot be resolved to a variable
62: 			                <td><%= firstname %></td>
63: 			                <td>Name<%= lastname %></td>
64: 			                <td><%= status %></td>
65: 			                <td><%= status %></td>
66: 			            </tr>
67: 					               
68: 		               


An error occurred at line: 78 in the jsp file: /exercises/exe3.jsp
con cannot be resolved to a variable
75: 				    ex.printStackTrace();
76: 				    // Handle the error or display an error message to the user
77: 				} finally {
78: 				    closeConnection(con);
79: 				}
80: 				
81: 				public Connection getConnection() {


An error occurred at line: 81 in the jsp file: /exercises/exe3.jsp
Syntax error on token "Connection", @ expected
78: 				    closeConnection(con);
79: 				}
80: 				
81: 				public Connection getConnection() {
82: 				    Connection connection = null;
83: 				    try {
84: 				        Class.forName("oracle.jdbc.driver.OracleDriver");


An error occurred at line: 81 in the jsp file: /exercises/exe3.jsp
getConnection cannot be resolved to a type
78: 				    closeConnection(con);
79: 				}
80: 				
81: 				public Connection getConnection() {
82: 				    Connection connection = null;
83: 				    try {
84: 				        Class.forName("oracle.jdbc.driver.OracleDriver");


An error occurred at line: 81 in the jsp file: /exercises/exe3.jsp
Syntax error on token "{", delete this token
78: 				    closeConnection(con);
79: 				}
80: 				
81: 				public Connection getConnection() {
82: 				    Connection connection = null;
83: 				    try {
84: 				        Class.forName("oracle.jdbc.driver.OracleDriver");


An error occurred at line: 82 in the jsp file: /exercises/exe3.jsp
Duplicate local variable connection
79: 				}
80: 				
81: 				public Connection getConnection() {
82: 				    Connection connection = null;
83: 				    try {
84: 				        Class.forName("oracle.jdbc.driver.OracleDriver");
85: 				        connection = DriverManager.getConnection(jdbcUrl, username, password);


An error occurred at line: 82 in the jsp file: /exercises/exe3.jsp
Illegal modifier for the variable connection; only final is permitted
79: 				}
80: 				
81: 				public Connection getConnection() {
82: 				    Connection connection = null;
83: 				    try {
84: 				        Class.forName("oracle.jdbc.driver.OracleDriver");
85: 				        connection = DriverManager.getConnection(jdbcUrl, username, password);


An error occurred at line: 89 in the jsp file: /exercises/exe3.jsp
Void methods cannot return a value
86: 				    } catch (Exception ex) {
87: 				        ex.printStackTrace();
88: 				    }
89: 				    return connection; // Move this return statement here
90: 				}
91: 				
92: 				public void closeConnection(Connection con) {


An error occurred at line: 90 in the jsp file: /exercises/exe3.jsp
Syntax error, insert "Finally" to complete TryStatement
87: 				        ex.printStackTrace();
88: 				    }
89: 				    return connection; // Move this return statement here
90: 				}
91: 				
92: 				public void closeConnection(Connection con) {
93: 				    try {


An error occurred at line: 92 in the jsp file: /exercises/exe3.jsp
void is an invalid type for the variable closeConnection
89: 				    return connection; // Move this return statement here
90: 				}
91: 				
92: 				public void closeConnection(Connection con) {
93: 				    try {
94: 				        if (con != null)
95: 				            con.close();


An error occurred at line: 92 in the jsp file: /exercises/exe3.jsp
Syntax error on token "(", ; expected
89: 				    return connection; // Move this return statement here
90: 				}
91: 				
92: 				public void closeConnection(Connection con) {
93: 				    try {
94: 				        if (con != null)
95: 				            con.close();


An error occurred at line: 92 in the jsp file: /exercises/exe3.jsp
Syntax error on token ")", ; expected
89: 				    return connection; // Move this return statement here
90: 				}
91: 				
92: 				public void closeConnection(Connection con) {
93: 				    try {
94: 				        if (con != null)
95: 				            con.close();


An error occurred at line: [186] in the generated java file: [C:\Users\jad.j\Desktop\trainning\JSP\tomcat\work\Catalina\localhost\_\org\apache\jsp\exercises\exe3_jsp.java]
Syntax error on tokens, delete these tokens

An error occurred at line: [186] in the generated java file: [C:\Users\jad.j\Desktop\trainning\JSP\tomcat\work\Catalina\localhost\_\org\apache\jsp\exercises\exe3_jsp.java]
Syntax error on token(s), misplaced construct(s)

An error occurred at line: [186] in the generated java file: [C:\Users\jad.j\Desktop\trainning\JSP\tomcat\work\Catalina\localhost\_\org\apache\jsp\exercises\exe3_jsp.java]
t cannot be resolved to a variable

An error occurred at line: [186] in the generated java file: [C:\Users\jad.j\Desktop\trainning\JSP\tomcat\work\Catalina\localhost\_\org\apache\jsp\exercises\exe3_jsp.java]
Syntax error, insert "AssignmentOperator Expression" to complete Assignment

An error occurred at line: [186] in the generated java file: [C:\Users\jad.j\Desktop\trainning\JSP\tomcat\work\Catalina\localhost\_\org\apache\jsp\exercises\exe3_jsp.java]
Syntax error, insert ";" to complete Statement

An error occurred at line: [187] in the generated java file: [C:\Users\jad.j\Desktop\trainning\JSP\tomcat\work\Catalina\localhost\_\org\apache\jsp\exercises\exe3_jsp.java]
t cannot be resolved to a variable

An error occurred at line: [191] in the generated java file: [C:\Users\jad.j\Desktop\trainning\JSP\tomcat\work\Catalina\localhost\_\org\apache\jsp\exercises\exe3_jsp.java]
t cannot be resolved to a variable

An error occurred at line: [192] in the generated java file: [C:\Users\jad.j\Desktop\trainning\JSP\tomcat\work\Catalina\localhost\_\org\apache\jsp\exercises\exe3_jsp.java]
t cannot be resolved to a variable

An error occurred at line: [194] in the generated java file: [C:\Users\jad.j\Desktop\trainning\JSP\tomcat\work\Catalina\localhost\_\org\apache\jsp\exercises\exe3_jsp.java]
Syntax error on token "finally", delete this token

Stacktrace:] with root cause
org.apache.jasper.JasperException: Unable to compile class for JSP: 

An error occurred at line: 32 in the jsp file: /exercises/exe3.jsp
The method getConnection() is undefined for the type exe3_jsp
29: 				Connection connection = null;
30: 				Statement statement = null;
31: 				try {
32: 					connection = getConnection();
33: 
34: 				    String query = "SELECT  EMP_FNAME,EMP_NAME ,EMP_CUR_STATUS,EMP_SEX FROM HR_EMPLOYEE";
35: 				    		


An error occurred at line: 45 in the jsp file: /exercises/exe3.jsp
The operator != is undefined for the argument type(s) int, null
42: 		                String firstname = resultSet.getString("EMP_FNAME");
43: 		                String lastname = resultSet.getString("EMP_NAME");
44: 		                int sexnum = resultSet.getInt("EMP_SEX");
45: 		                if(sexnum != null && sexnum ==1 ){
46: 		                String sex = "Male"	;
47: 		                }else if(sexnum != null && sexnum ==2 ){
48: 		                	String sex = "Female"	;


An error occurred at line: 47 in the jsp file: /exercises/exe3.jsp
The operator != is undefined for the argument type(s) int, null
44: 		                int sexnum = resultSet.getInt("EMP_SEX");
45: 		                if(sexnum != null && sexnum ==1 ){
46: 		                String sex = "Male"	;
47: 		                }else if(sexnum != null && sexnum ==2 ){
48: 		                	String sex = "Female"	;
49: 		                }else{
50: 		                	String sex = "not defined"	;	


An error occurred at line: 53 in the jsp file: /exercises/exe3.jsp
The operator != is undefined for the argument type(s) int, null
50: 		                	String sex = "not defined"	;	
51: 		                }
52: 		                int statusnum = resultSet.getInt("EMP_CUR_STATUS");
53: 		                if(statusnum != null && statusnum ==1 ){
54: 			                String status = "Married"	;
55: 			                }else if(statusnum != null && statusnum ==2 ){
56: 			                	String status = "Single"	;


An error occurred at line: 55 in the jsp file: /exercises/exe3.jsp
The operator != is undefined for the argument type(s) int, null
52: 		                int statusnum = resultSet.getInt("EMP_CUR_STATUS");
53: 		                if(statusnum != null && statusnum ==1 ){
54: 			                String status = "Married"	;
55: 			                }else if(statusnum != null && statusnum ==2 ){
56: 			                	String status = "Single"	;
57: 			                }else{
58: 			                	String status = "not defined"	;	


An error occurred at line: 64 in the jsp file: /exercises/exe3.jsp
status cannot be resolved to a variable
61: 					    <tr>
62: 			                <td><%= firstname %></td>
63: 			                <td>Name<%= lastname %></td>
64: 			                <td><%= status %></td>
65: 			                <td><%= status %></td>
66: 			            </tr>
67: 					               


An error occurred at line: 65 in the jsp file: /exercises/exe3.jsp
status cannot be resolved to a variable
62: 			                <td><%= firstname %></td>
63: 			                <td>Name<%= lastname %></td>
64: 			                <td><%= status %></td>
65: 			                <td><%= status %></td>
66: 			            </tr>
67: 					               
68: 		               


An error occurred at line: 78 in the jsp file: /exercises/exe3.jsp
con cannot be resolved to a variable
75: 				    ex.printStackTrace();
76: 				    // Handle the error or display an error message to the user
77: 				} finally {
78: 				    closeConnection(con);
79: 				}
80: 				
81: 				public Connection getConnection() {


An error occurred at line: 81 in the jsp file: /exercises/exe3.jsp
Syntax error on token "Connection", @ expected
78: 				    closeConnection(con);
79: 				}
80: 				
81: 				public Connection getConnection() {
82: 				    Connection connection = null;
83: 				    try {
84: 				        Class.forName("oracle.jdbc.driver.OracleDriver");


An error occurred at line: 81 in the jsp file: /exercises/exe3.jsp
getConnection cannot be resolved to a type
78: 				    closeConnection(con);
79: 				}
80: 				
81: 				public Connection getConnection() {
82: 				    Connection connection = null;
83: 				    try {
84: 				        Class.forName("oracle.jdbc.driver.OracleDriver");


An error occurred at line: 81 in the jsp file: /exercises/exe3.jsp
Syntax error on token "{", delete this token
78: 				    closeConnection(con);
79: 				}
80: 				
81: 				public Connection getConnection() {
82: 				    Connection connection = null;
83: 				    try {
84: 				        Class.forName("oracle.jdbc.driver.OracleDriver");


An error occurred at line: 82 in the jsp file: /exercises/exe3.jsp
Duplicate local variable connection
79: 				}
80: 				
81: 				public Connection getConnection() {
82: 				    Connection connection = null;
83: 				    try {
84: 				        Class.forName("oracle.jdbc.driver.OracleDriver");
85: 				        connection = DriverManager.getConnection(jdbcUrl, username, password);


An error occurred at line: 82 in the jsp file: /exercises/exe3.jsp
Illegal modifier for the variable connection; only final is permitted
79: 				}
80: 				
81: 				public Connection getConnection() {
82: 				    Connection connection = null;
83: 				    try {
84: 				        Class.forName("oracle.jdbc.driver.OracleDriver");
85: 				        connection = DriverManager.getConnection(jdbcUrl, username, password);


An error occurred at line: 89 in the jsp file: /exercises/exe3.jsp
Void methods cannot return a value
86: 				    } catch (Exception ex) {
87: 				        ex.printStackTrace();
88: 				    }
89: 				    return connection; // Move this return statement here
90: 				}
91: 				
92: 				public void closeConnection(Connection con) {


An error occurred at line: 90 in the jsp file: /exercises/exe3.jsp
Syntax error, insert "Finally" to complete TryStatement
87: 				        ex.printStackTrace();
88: 				    }
89: 				    return connection; // Move this return statement here
90: 				}
91: 				
92: 				public void closeConnection(Connection con) {
93: 				    try {


An error occurred at line: 92 in the jsp file: /exercises/exe3.jsp
void is an invalid type for the variable closeConnection
89: 				    return connection; // Move this return statement here
90: 				}
91: 				
92: 				public void closeConnection(Connection con) {
93: 				    try {
94: 				        if (con != null)
95: 				            con.close();


An error occurred at line: 92 in the jsp file: /exercises/exe3.jsp
Syntax error on token "(", ; expected
89: 				    return connection; // Move this return statement here
90: 				}
91: 				
92: 				public void closeConnection(Connection con) {
93: 				    try {
94: 				        if (con != null)
95: 				            con.close();


An error occurred at line: 92 in the jsp file: /exercises/exe3.jsp
Syntax error on token ")", ; expected
89: 				    return connection; // Move this return statement here
90: 				}
91: 				
92: 				public void closeConnection(Connection con) {
93: 				    try {
94: 				        if (con != null)
95: 				            con.close();


An error occurred at line: [186] in the generated java file: [C:\Users\jad.j\Desktop\trainning\JSP\tomcat\work\Catalina\localhost\_\org\apache\jsp\exercises\exe3_jsp.java]
Syntax error on tokens, delete these tokens

An error occurred at line: [186] in the generated java file: [C:\Users\jad.j\Desktop\trainning\JSP\tomcat\work\Catalina\localhost\_\org\apache\jsp\exercises\exe3_jsp.java]
Syntax error on token(s), misplaced construct(s)

An error occurred at line: [186] in the generated java file: [C:\Users\jad.j\Desktop\trainning\JSP\tomcat\work\Catalina\localhost\_\org\apache\jsp\exercises\exe3_jsp.java]
t cannot be resolved to a variable

An error occurred at line: [186] in the generated java file: [C:\Users\jad.j\Desktop\trainning\JSP\tomcat\work\Catalina\localhost\_\org\apache\jsp\exercises\exe3_jsp.java]
Syntax error, insert "AssignmentOperator Expression" to complete Assignment

An error occurred at line: [186] in the generated java file: [C:\Users\jad.j\Desktop\trainning\JSP\tomcat\work\Catalina\localhost\_\org\apache\jsp\exercises\exe3_jsp.java]
Syntax error, insert ";" to complete Statement

An error occurred at line: [187] in the generated java file: [C:\Users\jad.j\Desktop\trainning\JSP\tomcat\work\Catalina\localhost\_\org\apache\jsp\exercises\exe3_jsp.java]
t cannot be resolved to a variable

An error occurred at line: [191] in the generated java file: [C:\Users\jad.j\Desktop\trainning\JSP\tomcat\work\Catalina\localhost\_\org\apache\jsp\exercises\exe3_jsp.java]
t cannot be resolved to a variable

An error occurred at line: [192] in the generated java file: [C:\Users\jad.j\Desktop\trainning\JSP\tomcat\work\Catalina\localhost\_\org\apache\jsp\exercises\exe3_jsp.java]
t cannot be resolved to a variable

An error occurred at line: [194] in the generated java file: [C:\Users\jad.j\Desktop\trainning\JSP\tomcat\work\Catalina\localhost\_\org\apache\jsp\exercises\exe3_jsp.java]
Syntax error on token "finally", delete this token

Stacktrace:
	at org.apache.jasper.compiler.DefaultErrorHandler.javacError(DefaultErrorHandler.java:103)
	at org.apache.jasper.compiler.ErrorDispatcher.javacError(ErrorDispatcher.java:331)
	at org.apache.jasper.compiler.JDTCompiler.generateClass(JDTCompiler.java:468)
	at org.apache.jasper.compiler.Compiler.compile(Compiler.java:378)
	at org.apache.jasper.compiler.Compiler.compile(Compiler.java:353)
	at org.apache.jasper.compiler.Compiler.compile(Compiler.java:340)
	at org.apache.jasper.JspCompilationContext.compile(JspCompilationContext.java:646)
	at org.apache.jasper.servlet.JspServletWrapper.service(JspServletWrapper.java:357)
	at org.apache.jasper.servlet.JspServlet.serviceJspFile(JspServlet.java:390)
	at org.apache.jasper.servlet.JspServlet.service(JspServlet.java:334)
	at javax.servlet.http.HttpServlet.service(HttpServlet.java:728)
	at org.apache.catalina.core.ApplicationFilterChain.internalDoFilter(ApplicationFilterChain.java:305)
	at org.apache.catalina.core.ApplicationFilterChain.doFilter(ApplicationFilterChain.java:210)
	at org.apache.catalina.core.StandardWrapperValve.invoke(StandardWrapperValve.java:222)
	at org.apache.catalina.core.StandardContextValve.invoke(StandardContextValve.java:123)
	at org.apache.catalina.authenticator.AuthenticatorBase.invoke(AuthenticatorBase.java:472)
	at org.apache.catalina.core.StandardHostValve.invoke(StandardHostValve.java:171)
	at org.apache.catalina.valves.ErrorReportValve.invoke(ErrorReportValve.java:99)
	at org.apache.catalina.valves.AccessLogValve.invoke(AccessLogValve.java:936)
	at org.apache.catalina.core.StandardEngineValve.invoke(StandardEngineValve.java:118)
	at org.apache.catalina.connector.CoyoteAdapter.service(CoyoteAdapter.java:407)
	at org.apache.coyote.http11.AbstractHttp11Processor.process(AbstractHttp11Processor.java:1004)
	at org.apache.coyote.AbstractProtocol$AbstractConnectionHandler.process(AbstractProtocol.java:589)
	at org.apache.tomcat.util.net.JIoEndpoint$SocketProcessor.run(JIoEndpoint.java:310)
	at java.util.concurrent.ThreadPoolExecutor.runWorker(ThreadPoolExecutor.java:1110)
	at java.util.concurrent.ThreadPoolExecutor$Worker.run(ThreadPoolExecutor.java:603)
	at java.lang.Thread.run(Thread.java:722)

Oct 24, 2023 9:07:18 AM org.apache.catalina.core.StandardWrapperValve invoke
SEVERE: Servlet.service() for servlet [jsp] in context with path [] threw exception [Unable to compile class for JSP: 

An error occurred at line: 31 in the jsp file: /exercises/exe3.jsp
The method getConnection() is undefined for the type exe3_jsp
28:         ResultSet resultSet = null;
29:         
30:         try {
31:             connection = getConnection();
32: 
33:             String query = "SELECT EMP_FNAME, EMP_NAME, EMP_CUR_STATUS, EMP_SEX FROM HR_EMPLOYEE";
34:             statement = connection.createStatement();


An error occurred at line: 71 in the jsp file: /exercises/exe3.jsp
The method closeConnection(Connection) is undefined for the type exe3_jsp
68:             ex.printStackTrace();
69:             // Handle the error or display an error message to the user
70:         } finally {
71:             closeConnection(connection);
72:             if (resultSet != null) resultSet.close();
73:             if (statement != null) statement.close();
74:         }


Stacktrace:] with root cause
org.apache.jasper.JasperException: Unable to compile class for JSP: 

An error occurred at line: 31 in the jsp file: /exercises/exe3.jsp
The method getConnection() is undefined for the type exe3_jsp
28:         ResultSet resultSet = null;
29:         
30:         try {
31:             connection = getConnection();
32: 
33:             String query = "SELECT EMP_FNAME, EMP_NAME, EMP_CUR_STATUS, EMP_SEX FROM HR_EMPLOYEE";
34:             statement = connection.createStatement();


An error occurred at line: 71 in the jsp file: /exercises/exe3.jsp
The method closeConnection(Connection) is undefined for the type exe3_jsp
68:             ex.printStackTrace();
69:             // Handle the error or display an error message to the user
70:         } finally {
71:             closeConnection(connection);
72:             if (resultSet != null) resultSet.close();
73:             if (statement != null) statement.close();
74:         }


Stacktrace:
	at org.apache.jasper.compiler.DefaultErrorHandler.javacError(DefaultErrorHandler.java:103)
	at org.apache.jasper.compiler.ErrorDispatcher.javacError(ErrorDispatcher.java:331)
	at org.apache.jasper.compiler.JDTCompiler.generateClass(JDTCompiler.java:468)
	at org.apache.jasper.compiler.Compiler.compile(Compiler.java:378)
	at org.apache.jasper.compiler.Compiler.compile(Compiler.java:353)
	at org.apache.jasper.compiler.Compiler.compile(Compiler.java:340)
	at org.apache.jasper.JspCompilationContext.compile(JspCompilationContext.java:646)
	at org.apache.jasper.servlet.JspServletWrapper.service(JspServletWrapper.java:357)
	at org.apache.jasper.servlet.JspServlet.serviceJspFile(JspServlet.java:390)
	at org.apache.jasper.servlet.JspServlet.service(JspServlet.java:334)
	at javax.servlet.http.HttpServlet.service(HttpServlet.java:728)
	at org.apache.catalina.core.ApplicationFilterChain.internalDoFilter(ApplicationFilterChain.java:305)
	at org.apache.catalina.core.ApplicationFilterChain.doFilter(ApplicationFilterChain.java:210)
	at org.apache.catalina.core.StandardWrapperValve.invoke(StandardWrapperValve.java:222)
	at org.apache.catalina.core.StandardContextValve.invoke(StandardContextValve.java:123)
	at org.apache.catalina.authenticator.AuthenticatorBase.invoke(AuthenticatorBase.java:472)
	at org.apache.catalina.core.StandardHostValve.invoke(StandardHostValve.java:171)
	at org.apache.catalina.valves.ErrorReportValve.invoke(ErrorReportValve.java:99)
	at org.apache.catalina.valves.AccessLogValve.invoke(AccessLogValve.java:936)
	at org.apache.catalina.core.StandardEngineValve.invoke(StandardEngineValve.java:118)
	at org.apache.catalina.connector.CoyoteAdapter.service(CoyoteAdapter.java:407)
	at org.apache.coyote.http11.AbstractHttp11Processor.process(AbstractHttp11Processor.java:1004)
	at org.apache.coyote.AbstractProtocol$AbstractConnectionHandler.process(AbstractProtocol.java:589)
	at org.apache.tomcat.util.net.JIoEndpoint$SocketProcessor.run(JIoEndpoint.java:310)
	at java.util.concurrent.ThreadPoolExecutor.runWorker(ThreadPoolExecutor.java:1110)
	at java.util.concurrent.ThreadPoolExecutor$Worker.run(ThreadPoolExecutor.java:603)
	at java.lang.Thread.run(Thread.java:722)

