Aug 23, 2023 10:56:09 AM org.apache.catalina.core.StandardWrapperValve invoke
SEVERE: Servlet.service() for servlet [jsp] in context with path [] threw exception [Unable to compile class for JSP: 

An error occurred at line: 104 in the jsp file: /exercises/exe06/ex6.jsp
Duplicate local variable p
101: 	z++;
102: <%
103: for(i=1 ; i<=5 ; i++){
104: 	String p = Integer.toString(i);
105: 	String p1 = "p" + p;
106: 	String t = "t" + p;
107: 	String present = request.getParameter(p1);


An error occurred at line: 105 in the jsp file: /exercises/exe06/ex6.jsp
Duplicate local variable p1
102: <%
103: for(i=1 ; i<=5 ; i++){
104: 	String p = Integer.toString(i);
105: 	String p1 = "p" + p;
106: 	String t = "t" + p;
107: 	String present = request.getParameter(p1);
108: 	String time = request.getParameter(t);


An error occurred at line: 107 in the jsp file: /exercises/exe06/ex6.jsp
Duplicate local variable present
104: 	String p = Integer.toString(i);
105: 	String p1 = "p" + p;
106: 	String t = "t" + p;
107: 	String present = request.getParameter(p1);
108: 	String time = request.getParameter(t);
109: 	session.putValue(p1,present);
110: 	session.putValue(t,time);


An error occurred at line: 112 in the jsp file: /exercises/exe06/ex6.jsp
Duplicate local variable a
109: 	session.putValue(p1,present);
110: 	session.putValue(t,time);
111: for(j=1 ; j<=5 ; j++){
112: 	String a = Integer.toString(i);
113: 	String a1 = "a" + a;
114: 	String absent = request.getParameter(a1);
115: 	session.putValue(a1,absent);


An error occurred at line: 113 in the jsp file: /exercises/exe06/ex6.jsp
Duplicate local variable a1
110: 	session.putValue(t,time);
111: for(j=1 ; j<=5 ; j++){
112: 	String a = Integer.toString(i);
113: 	String a1 = "a" + a;
114: 	String absent = request.getParameter(a1);
115: 	session.putValue(a1,absent);
116: }}


An error occurred at line: 114 in the jsp file: /exercises/exe06/ex6.jsp
Duplicate local variable absent
111: for(j=1 ; j<=5 ; j++){
112: 	String a = Integer.toString(i);
113: 	String a1 = "a" + a;
114: 	String absent = request.getParameter(a1);
115: 	session.putValue(a1,absent);
116: }}
117: 


Stacktrace:] with root cause
org.apache.jasper.JasperException: Unable to compile class for JSP: 

An error occurred at line: 104 in the jsp file: /exercises/exe06/ex6.jsp
Duplicate local variable p
101: 	z++;
102: <%
103: for(i=1 ; i<=5 ; i++){
104: 	String p = Integer.toString(i);
105: 	String p1 = "p" + p;
106: 	String t = "t" + p;
107: 	String present = request.getParameter(p1);


An error occurred at line: 105 in the jsp file: /exercises/exe06/ex6.jsp
Duplicate local variable p1
102: <%
103: for(i=1 ; i<=5 ; i++){
104: 	String p = Integer.toString(i);
105: 	String p1 = "p" + p;
106: 	String t = "t" + p;
107: 	String present = request.getParameter(p1);
108: 	String time = request.getParameter(t);


An error occurred at line: 107 in the jsp file: /exercises/exe06/ex6.jsp
Duplicate local variable present
104: 	String p = Integer.toString(i);
105: 	String p1 = "p" + p;
106: 	String t = "t" + p;
107: 	String present = request.getParameter(p1);
108: 	String time = request.getParameter(t);
109: 	session.putValue(p1,present);
110: 	session.putValue(t,time);


An error occurred at line: 112 in the jsp file: /exercises/exe06/ex6.jsp
Duplicate local variable a
109: 	session.putValue(p1,present);
110: 	session.putValue(t,time);
111: for(j=1 ; j<=5 ; j++){
112: 	String a = Integer.toString(i);
113: 	String a1 = "a" + a;
114: 	String absent = request.getParameter(a1);
115: 	session.putValue(a1,absent);


An error occurred at line: 113 in the jsp file: /exercises/exe06/ex6.jsp
Duplicate local variable a1
110: 	session.putValue(t,time);
111: for(j=1 ; j<=5 ; j++){
112: 	String a = Integer.toString(i);
113: 	String a1 = "a" + a;
114: 	String absent = request.getParameter(a1);
115: 	session.putValue(a1,absent);
116: }}


An error occurred at line: 114 in the jsp file: /exercises/exe06/ex6.jsp
Duplicate local variable absent
111: for(j=1 ; j<=5 ; j++){
112: 	String a = Integer.toString(i);
113: 	String a1 = "a" + a;
114: 	String absent = request.getParameter(a1);
115: 	session.putValue(a1,absent);
116: }}
117: 


Stacktrace:
	at org.apache.jasper.compiler.DefaultErrorHandler.javacError(DefaultErrorHandler.java:103)
	at org.apache.jasper.compiler.ErrorDispatcher.javacError(ErrorDispatcher.java:331)
	at org.apache.jasper.compiler.JDTCompiler.generateClass(JDTCompiler.java:468)
	at org.apache.jasper.compiler.Compiler.compile(Compiler.java:378)
	at org.apache.jasper.compiler.Compiler.compile(Compiler.java:353)
	at org.apache.jasper.compiler.Compiler.compile(Compiler.java:340)
	at org.apache.jasper.JspCompilationContext.compile(JspCompilationContext.java:646)
	at org.apache.jasper.servlet.JspServletWrapper.service(JspServletWrapper.java:357)
	at org.apache.jasper.servlet.JspServlet.serviceJspFile(JspServlet.java:390)
	at org.apache.jasper.servlet.JspServlet.service(JspServlet.java:334)
	at javax.servlet.http.HttpServlet.service(HttpServlet.java:728)
	at org.apache.catalina.core.ApplicationFilterChain.internalDoFilter(ApplicationFilterChain.java:305)
	at org.apache.catalina.core.ApplicationFilterChain.doFilter(ApplicationFilterChain.java:210)
	at org.apache.catalina.core.StandardWrapperValve.invoke(StandardWrapperValve.java:222)
	at org.apache.catalina.core.StandardContextValve.invoke(StandardContextValve.java:123)
	at org.apache.catalina.authenticator.AuthenticatorBase.invoke(AuthenticatorBase.java:472)
	at org.apache.catalina.core.StandardHostValve.invoke(StandardHostValve.java:171)
	at org.apache.catalina.valves.ErrorReportValve.invoke(ErrorReportValve.java:99)
	at org.apache.catalina.valves.AccessLogValve.invoke(AccessLogValve.java:936)
	at org.apache.catalina.core.StandardEngineValve.invoke(StandardEngineValve.java:118)
	at org.apache.catalina.connector.CoyoteAdapter.service(CoyoteAdapter.java:407)
	at org.apache.coyote.http11.AbstractHttp11Processor.process(AbstractHttp11Processor.java:1004)
	at org.apache.coyote.AbstractProtocol$AbstractConnectionHandler.process(AbstractProtocol.java:589)
	at org.apache.tomcat.util.net.JIoEndpoint$SocketProcessor.run(JIoEndpoint.java:310)
	at java.util.concurrent.ThreadPoolExecutor.runWorker(ThreadPoolExecutor.java:1110)
	at java.util.concurrent.ThreadPoolExecutor$Worker.run(ThreadPoolExecutor.java:603)
	at java.lang.Thread.run(Thread.java:722)

Aug 23, 2023 10:56:17 AM org.apache.catalina.core.StandardWrapperValve invoke
SEVERE: Servlet.service() for servlet [jsp] in context with path [] threw exception [Unable to compile class for JSP: 

An error occurred at line: [14] in the generated java file: [C:\Users\georges.c\Desktop\JSP\tomcat\work\Catalina\localhost\_\org\apache\jsp\exercises\exe06\ex6b_jsp.java]
Only a type can be imported. java.time.LocalTime resolves to a package

An error occurred at line: [15] in the generated java file: [C:\Users\georges.c\Desktop\JSP\tomcat\work\Catalina\localhost\_\org\apache\jsp\exercises\exe06\ex6b_jsp.java]
Only a type can be imported. java.time.format.DateTimeFormatter resolves to a package

An error occurred at line: [16] in the generated java file: [C:\Users\georges.c\Desktop\JSP\tomcat\work\Catalina\localhost\_\org\apache\jsp\exercises\exe06\ex6b_jsp.java]
Only a type can be imported. java.time.format.DateTimeParseException resolves to a package

An error occurred at line: 25 in the jsp file: /exercises/exe06/ex6b.jsp
DateTimeFormatter cannot be resolved to a type
22: String present;
23: String absent;
24: String timeGot;
25:  DateTimeFormatter formatter = DateTimeFormatter.ofPattern("HH:mm:ss");
26: for (i=1; i<=5; i++)(
27:    j = Integer.toString(i);
28:    p1 = "p"+j;


An error occurred at line: 25 in the jsp file: /exercises/exe06/ex6b.jsp
DateTimeFormatter cannot be resolved
22: String present;
23: String absent;
24: String timeGot;
25:  DateTimeFormatter formatter = DateTimeFormatter.ofPattern("HH:mm:ss");
26: for (i=1; i<=5; i++)(
27:    j = Integer.toString(i);
28:    p1 = "p"+j;


An error occurred at line: 26 in the jsp file: /exercises/exe06/ex6b.jsp
The left-hand side of an assignment must be a variable
23: String absent;
24: String timeGot;
25:  DateTimeFormatter formatter = DateTimeFormatter.ofPattern("HH:mm:ss");
26: for (i=1; i<=5; i++)(
27:    j = Integer.toString(i);
28:    p1 = "p"+j;
29:    t = "t" + j


An error occurred at line: 27 in the jsp file: /exercises/exe06/ex6b.jsp
Syntax error, insert ")" to complete Expression
24: String timeGot;
25:  DateTimeFormatter formatter = DateTimeFormatter.ofPattern("HH:mm:ss");
26: for (i=1; i<=5; i++)(
27:    j = Integer.toString(i);
28:    p1 = "p"+j;
29:    t = "t" + j
30:    present = session.getValue(p1);


An error occurred at line: 27 in the jsp file: /exercises/exe06/ex6b.jsp
Syntax error, insert "AssignmentOperator Expression" to complete Expression
24: String timeGot;
25:  DateTimeFormatter formatter = DateTimeFormatter.ofPattern("HH:mm:ss");
26: for (i=1; i<=5; i++)(
27:    j = Integer.toString(i);
28:    p1 = "p"+j;
29:    t = "t" + j
30:    present = session.getValue(p1);


An error occurred at line: 29 in the jsp file: /exercises/exe06/ex6b.jsp
Syntax error, insert ";" to complete Statement
26: for (i=1; i<=5; i++)(
27:    j = Integer.toString(i);
28:    p1 = "p"+j;
29:    t = "t" + j
30:    present = session.getValue(p1);
31:    timeGot = session.getValue(t);
32:    try {


An error occurred at line: 30 in the jsp file: /exercises/exe06/ex6b.jsp
Type mismatch: cannot convert from Object to String
27:    j = Integer.toString(i);
28:    p1 = "p"+j;
29:    t = "t" + j
30:    present = session.getValue(p1);
31:    timeGot = session.getValue(t);
32:    try {
33:             LocalTime time = LocalTime.parse(timeGot, formatter);


An error occurred at line: 31 in the jsp file: /exercises/exe06/ex6b.jsp
Type mismatch: cannot convert from Object to String
28:    p1 = "p"+j;
29:    t = "t" + j
30:    present = session.getValue(p1);
31:    timeGot = session.getValue(t);
32:    try {
33:             LocalTime time = LocalTime.parse(timeGot, formatter);
34:             


An error occurred at line: 33 in the jsp file: /exercises/exe06/ex6b.jsp
LocalTime cannot be resolved to a type
30:    present = session.getValue(p1);
31:    timeGot = session.getValue(t);
32:    try {
33:             LocalTime time = LocalTime.parse(timeGot, formatter);
34:             
35:         }
36: 	


An error occurred at line: 33 in the jsp file: /exercises/exe06/ex6b.jsp
LocalTime cannot be resolved
30:    present = session.getValue(p1);
31:    timeGot = session.getValue(t);
32:    try {
33:             LocalTime time = LocalTime.parse(timeGot, formatter);
34:             
35:         }
36: 	


An error occurred at line: 35 in the jsp file: /exercises/exe06/ex6b.jsp
Syntax error, insert "Finally" to complete TryStatement
32:    try {
33:             LocalTime time = LocalTime.parse(timeGot, formatter);
34:             
35:         }
36: 	
37:    %>
38:    present.innerHTML +="<span><%=present%></span>" ;


An error occurred at line: 40 in the jsp file: /exercises/exe06/ex6b.jsp
time cannot be resolved to a variable
37:    %>
38:    present.innerHTML +="<span><%=present%></span>" ;
39:    <%
40:    if (time >= 8:00){%>
41:    present.innerHTML +="<span>Late Student</span>" ;
42:    present.innerHTML +="<br>";
43:    <%}


An error occurred at line: 40 in the jsp file: /exercises/exe06/ex6b.jsp
Syntax error on token ":", * expected
37:    %>
38:    present.innerHTML +="<span><%=present%></span>" ;
39:    <%
40:    if (time >= 8:00){%>
41:    present.innerHTML +="<span>Late Student</span>" ;
42:    present.innerHTML +="<br>";
43:    <%}


An error occurred at line: 44 in the jsp file: /exercises/exe06/ex6b.jsp
Syntax error, insert "Finally" to complete TryStatement
41:    present.innerHTML +="<span>Late Student</span>" ;
42:    present.innerHTML +="<br>";
43:    <%}
44:    }
45: for (i=1; i<=5; i++)(
46:    j = Integer.toString(i);
47:    a1 = "a"+j;


An error occurred at line: 45 in the jsp file: /exercises/exe06/ex6b.jsp
i cannot be resolved to a variable
42:    present.innerHTML +="<br>";
43:    <%}
44:    }
45: for (i=1; i<=5; i++)(
46:    j = Integer.toString(i);
47:    a1 = "a"+j;
48:    absent = session.getValue(a1);


An error occurred at line: 45 in the jsp file: /exercises/exe06/ex6b.jsp
i cannot be resolved to a variable
42:    present.innerHTML +="<br>";
43:    <%}
44:    }
45: for (i=1; i<=5; i++)(
46:    j = Integer.toString(i);
47:    a1 = "a"+j;
48:    absent = session.getValue(a1);


An error occurred at line: 45 in the jsp file: /exercises/exe06/ex6b.jsp
i cannot be resolved to a variable
42:    present.innerHTML +="<br>";
43:    <%}
44:    }
45: for (i=1; i<=5; i++)(
46:    j = Integer.toString(i);
47:    a1 = "a"+j;
48:    absent = session.getValue(a1);


An error occurred at line: 45 in the jsp file: /exercises/exe06/ex6b.jsp
The left-hand side of an assignment must be a variable
42:    present.innerHTML +="<br>";
43:    <%}
44:    }
45: for (i=1; i<=5; i++)(
46:    j = Integer.toString(i);
47:    a1 = "a"+j;
48:    absent = session.getValue(a1);


An error occurred at line: 46 in the jsp file: /exercises/exe06/ex6b.jsp
Syntax error, insert ")" to complete Expression
43:    <%}
44:    }
45: for (i=1; i<=5; i++)(
46:    j = Integer.toString(i);
47:    a1 = "a"+j;
48:    absent = session.getValue(a1);
49:    %>


An error occurred at line: 46 in the jsp file: /exercises/exe06/ex6b.jsp
Syntax error, insert "AssignmentOperator Expression" to complete Expression
43:    <%}
44:    }
45: for (i=1; i<=5; i++)(
46:    j = Integer.toString(i);
47:    a1 = "a"+j;
48:    absent = session.getValue(a1);
49:    %>


An error occurred at line: 47 in the jsp file: /exercises/exe06/ex6b.jsp
a1 cannot be resolved to a variable
44:    }
45: for (i=1; i<=5; i++)(
46:    j = Integer.toString(i);
47:    a1 = "a"+j;
48:    absent = session.getValue(a1);
49:    %>
50:    absent.innerHTML +="<p><%=absent%></p>" ;


An error occurred at line: 47 in the jsp file: /exercises/exe06/ex6b.jsp
j cannot be resolved to a variable
44:    }
45: for (i=1; i<=5; i++)(
46:    j = Integer.toString(i);
47:    a1 = "a"+j;
48:    absent = session.getValue(a1);
49:    %>
50:    absent.innerHTML +="<p><%=absent%></p>" ;


An error occurred at line: 48 in the jsp file: /exercises/exe06/ex6b.jsp
absent cannot be resolved to a variable
45: for (i=1; i<=5; i++)(
46:    j = Integer.toString(i);
47:    a1 = "a"+j;
48:    absent = session.getValue(a1);
49:    %>
50:    absent.innerHTML +="<p><%=absent%></p>" ;
51:    <%}


An error occurred at line: 48 in the jsp file: /exercises/exe06/ex6b.jsp
a1 cannot be resolved to a variable
45: for (i=1; i<=5; i++)(
46:    j = Integer.toString(i);
47:    a1 = "a"+j;
48:    absent = session.getValue(a1);
49:    %>
50:    absent.innerHTML +="<p><%=absent%></p>" ;
51:    <%}


An error occurred at line: 50 in the jsp file: /exercises/exe06/ex6b.jsp
absent cannot be resolved to a variable
47:    a1 = "a"+j;
48:    absent = session.getValue(a1);
49:    %>
50:    absent.innerHTML +="<p><%=absent%></p>" ;
51:    <%}
52:    
53: 


An error occurred at line: 54 in the jsp file: /exercises/exe06/ex6b.jsp
Syntax error on token(s), misplaced construct(s)
51:    <%}
52:    
53: 
54: %>
55: </script>
56: </html>


An error occurred at line: 54 in the jsp file: /exercises/exe06/ex6b.jsp
Syntax error on token ""\r\n"", delete this token
51:    <%}
52:    
53: 
54: %>
55: </script>
56: </html>


An error occurred at line: 54 in the jsp file: /exercises/exe06/ex6b.jsp
Syntax error on token(s), misplaced construct(s)
51:    <%}
52:    
53: 
54: %>
55: </script>
56: </html>


An error occurred at line: 54 in the jsp file: /exercises/exe06/ex6b.jsp
Syntax error on token ""</script>\r\n"", delete this token
51:    <%}
52:    
53: 
54: %>
55: </script>
56: </html>


An error occurred at line: 54 in the jsp file: /exercises/exe06/ex6b.jsp
Syntax error on token(s), misplaced construct(s)
51:    <%}
52:    
53: 
54: %>
55: </script>
56: </html>


An error occurred at line: 54 in the jsp file: /exercises/exe06/ex6b.jsp
Syntax error on token ""</html>"", delete this token
51:    <%}
52:    
53: 
54: %>
55: </script>
56: </html>


An error occurred at line: [132] in the generated java file: [C:\Users\georges.c\Desktop\JSP\tomcat\work\Catalina\localhost\_\org\apache\jsp\exercises\exe06\ex6b_jsp.java]
Syntax error on token "catch", invalid AnnotationName

An error occurred at line: [132] in the generated java file: [C:\Users\georges.c\Desktop\JSP\tomcat\work\Catalina\localhost\_\org\apache\jsp\exercises\exe06\ex6b_jsp.java]
Syntax error on token(s), misplaced construct(s)

An error occurred at line: [132] in the generated java file: [C:\Users\georges.c\Desktop\JSP\tomcat\work\Catalina\localhost\_\org\apache\jsp\exercises\exe06\ex6b_jsp.java]
Syntax error, insert "enum Identifier" to complete EnumHeader

An error occurred at line: [134] in the generated java file: [C:\Users\georges.c\Desktop\JSP\tomcat\work\Catalina\localhost\_\org\apache\jsp\exercises\exe06\ex6b_jsp.java]
out cannot be resolved to a variable

An error occurred at line: [134] in the generated java file: [C:\Users\georges.c\Desktop\JSP\tomcat\work\Catalina\localhost\_\org\apache\jsp\exercises\exe06\ex6b_jsp.java]
_jspx_out cannot be resolved to a variable

An error occurred at line: [135] in the generated java file: [C:\Users\georges.c\Desktop\JSP\tomcat\work\Catalina\localhost\_\org\apache\jsp\exercises\exe06\ex6b_jsp.java]
out cannot be resolved to a variable

An error occurred at line: [135] in the generated java file: [C:\Users\georges.c\Desktop\JSP\tomcat\work\Catalina\localhost\_\org\apache\jsp\exercises\exe06\ex6b_jsp.java]
out cannot be resolved

An error occurred at line: [136] in the generated java file: [C:\Users\georges.c\Desktop\JSP\tomcat\work\Catalina\localhost\_\org\apache\jsp\exercises\exe06\ex6b_jsp.java]
out cannot be resolved

An error occurred at line: [137] in the generated java file: [C:\Users\georges.c\Desktop\JSP\tomcat\work\Catalina\localhost\_\org\apache\jsp\exercises\exe06\ex6b_jsp.java]
_jspx_page_context cannot be resolved to a variable

An error occurred at line: [137] in the generated java file: [C:\Users\georges.c\Desktop\JSP\tomcat\work\Catalina\localhost\_\org\apache\jsp\exercises\exe06\ex6b_jsp.java]
_jspx_page_context cannot be resolved

An error occurred at line: [140] in the generated java file: [C:\Users\georges.c\Desktop\JSP\tomcat\work\Catalina\localhost\_\org\apache\jsp\exercises\exe06\ex6b_jsp.java]
Syntax error on token "finally", invalid AnnotationTypeDeclarationHeader

An error occurred at line: [140] in the generated java file: [C:\Users\georges.c\Desktop\JSP\tomcat\work\Catalina\localhost\_\org\apache\jsp\exercises\exe06\ex6b_jsp.java]
Syntax error, insert "}" to complete AnnotationTypeBody

An error occurred at line: [141] in the generated java file: [C:\Users\georges.c\Desktop\JSP\tomcat\work\Catalina\localhost\_\org\apache\jsp\exercises\exe06\ex6b_jsp.java]
_jspx_page_context cannot be resolved to a variable

Stacktrace:] with root cause
org.apache.jasper.JasperException: Unable to compile class for JSP: 

An error occurred at line: [14] in the generated java file: [C:\Users\georges.c\Desktop\JSP\tomcat\work\Catalina\localhost\_\org\apache\jsp\exercises\exe06\ex6b_jsp.java]
Only a type can be imported. java.time.LocalTime resolves to a package

An error occurred at line: [15] in the generated java file: [C:\Users\georges.c\Desktop\JSP\tomcat\work\Catalina\localhost\_\org\apache\jsp\exercises\exe06\ex6b_jsp.java]
Only a type can be imported. java.time.format.DateTimeFormatter resolves to a package

An error occurred at line: [16] in the generated java file: [C:\Users\georges.c\Desktop\JSP\tomcat\work\Catalina\localhost\_\org\apache\jsp\exercises\exe06\ex6b_jsp.java]
Only a type can be imported. java.time.format.DateTimeParseException resolves to a package

An error occurred at line: 25 in the jsp file: /exercises/exe06/ex6b.jsp
DateTimeFormatter cannot be resolved to a type
22: String present;
23: String absent;
24: String timeGot;
25:  DateTimeFormatter formatter = DateTimeFormatter.ofPattern("HH:mm:ss");
26: for (i=1; i<=5; i++)(
27:    j = Integer.toString(i);
28:    p1 = "p"+j;


An error occurred at line: 25 in the jsp file: /exercises/exe06/ex6b.jsp
DateTimeFormatter cannot be resolved
22: String present;
23: String absent;
24: String timeGot;
25:  DateTimeFormatter formatter = DateTimeFormatter.ofPattern("HH:mm:ss");
26: for (i=1; i<=5; i++)(
27:    j = Integer.toString(i);
28:    p1 = "p"+j;


An error occurred at line: 26 in the jsp file: /exercises/exe06/ex6b.jsp
The left-hand side of an assignment must be a variable
23: String absent;
24: String timeGot;
25:  DateTimeFormatter formatter = DateTimeFormatter.ofPattern("HH:mm:ss");
26: for (i=1; i<=5; i++)(
27:    j = Integer.toString(i);
28:    p1 = "p"+j;
29:    t = "t" + j


An error occurred at line: 27 in the jsp file: /exercises/exe06/ex6b.jsp
Syntax error, insert ")" to complete Expression
24: String timeGot;
25:  DateTimeFormatter formatter = DateTimeFormatter.ofPattern("HH:mm:ss");
26: for (i=1; i<=5; i++)(
27:    j = Integer.toString(i);
28:    p1 = "p"+j;
29:    t = "t" + j
30:    present = session.getValue(p1);


An error occurred at line: 27 in the jsp file: /exercises/exe06/ex6b.jsp
Syntax error, insert "AssignmentOperator Expression" to complete Expression
24: String timeGot;
25:  DateTimeFormatter formatter = DateTimeFormatter.ofPattern("HH:mm:ss");
26: for (i=1; i<=5; i++)(
27:    j = Integer.toString(i);
28:    p1 = "p"+j;
29:    t = "t" + j
30:    present = session.getValue(p1);


An error occurred at line: 29 in the jsp file: /exercises/exe06/ex6b.jsp
Syntax error, insert ";" to complete Statement
26: for (i=1; i<=5; i++)(
27:    j = Integer.toString(i);
28:    p1 = "p"+j;
29:    t = "t" + j
30:    present = session.getValue(p1);
31:    timeGot = session.getValue(t);
32:    try {


An error occurred at line: 30 in the jsp file: /exercises/exe06/ex6b.jsp
Type mismatch: cannot convert from Object to String
27:    j = Integer.toString(i);
28:    p1 = "p"+j;
29:    t = "t" + j
30:    present = session.getValue(p1);
31:    timeGot = session.getValue(t);
32:    try {
33:             LocalTime time = LocalTime.parse(timeGot, formatter);


An error occurred at line: 31 in the jsp file: /exercises/exe06/ex6b.jsp
Type mismatch: cannot convert from Object to String
28:    p1 = "p"+j;
29:    t = "t" + j
30:    present = session.getValue(p1);
31:    timeGot = session.getValue(t);
32:    try {
33:             LocalTime time = LocalTime.parse(timeGot, formatter);
34:             


An error occurred at line: 33 in the jsp file: /exercises/exe06/ex6b.jsp
LocalTime cannot be resolved to a type
30:    present = session.getValue(p1);
31:    timeGot = session.getValue(t);
32:    try {
33:             LocalTime time = LocalTime.parse(timeGot, formatter);
34:             
35:         }
36: 	


An error occurred at line: 33 in the jsp file: /exercises/exe06/ex6b.jsp
LocalTime cannot be resolved
30:    present = session.getValue(p1);
31:    timeGot = session.getValue(t);
32:    try {
33:             LocalTime time = LocalTime.parse(timeGot, formatter);
34:             
35:         }
36: 	


An error occurred at line: 35 in the jsp file: /exercises/exe06/ex6b.jsp
Syntax error, insert "Finally" to complete TryStatement
32:    try {
33:             LocalTime time = LocalTime.parse(timeGot, formatter);
34:             
35:         }
36: 	
37:    %>
38:    present.innerHTML +="<span><%=present%></span>" ;


An error occurred at line: 40 in the jsp file: /exercises/exe06/ex6b.jsp
time cannot be resolved to a variable
37:    %>
38:    present.innerHTML +="<span><%=present%></span>" ;
39:    <%
40:    if (time >= 8:00){%>
41:    present.innerHTML +="<span>Late Student</span>" ;
42:    present.innerHTML +="<br>";
43:    <%}


An error occurred at line: 40 in the jsp file: /exercises/exe06/ex6b.jsp
Syntax error on token ":", * expected
37:    %>
38:    present.innerHTML +="<span><%=present%></span>" ;
39:    <%
40:    if (time >= 8:00){%>
41:    present.innerHTML +="<span>Late Student</span>" ;
42:    present.innerHTML +="<br>";
43:    <%}


An error occurred at line: 44 in the jsp file: /exercises/exe06/ex6b.jsp
Syntax error, insert "Finally" to complete TryStatement
41:    present.innerHTML +="<span>Late Student</span>" ;
42:    present.innerHTML +="<br>";
43:    <%}
44:    }
45: for (i=1; i<=5; i++)(
46:    j = Integer.toString(i);
47:    a1 = "a"+j;


An error occurred at line: 45 in the jsp file: /exercises/exe06/ex6b.jsp
i cannot be resolved to a variable
42:    present.innerHTML +="<br>";
43:    <%}
44:    }
45: for (i=1; i<=5; i++)(
46:    j = Integer.toString(i);
47:    a1 = "a"+j;
48:    absent = session.getValue(a1);


An error occurred at line: 45 in the jsp file: /exercises/exe06/ex6b.jsp
i cannot be resolved to a variable
42:    present.innerHTML +="<br>";
43:    <%}
44:    }
45: for (i=1; i<=5; i++)(
46:    j = Integer.toString(i);
47:    a1 = "a"+j;
48:    absent = session.getValue(a1);


An error occurred at line: 45 in the jsp file: /exercises/exe06/ex6b.jsp
i cannot be resolved to a variable
42:    present.innerHTML +="<br>";
43:    <%}
44:    }
45: for (i=1; i<=5; i++)(
46:    j = Integer.toString(i);
47:    a1 = "a"+j;
48:    absent = session.getValue(a1);


An error occurred at line: 45 in the jsp file: /exercises/exe06/ex6b.jsp
The left-hand side of an assignment must be a variable
42:    present.innerHTML +="<br>";
43:    <%}
44:    }
45: for (i=1; i<=5; i++)(
46:    j = Integer.toString(i);
47:    a1 = "a"+j;
48:    absent = session.getValue(a1);


An error occurred at line: 46 in the jsp file: /exercises/exe06/ex6b.jsp
Syntax error, insert ")" to complete Expression
43:    <%}
44:    }
45: for (i=1; i<=5; i++)(
46:    j = Integer.toString(i);
47:    a1 = "a"+j;
48:    absent = session.getValue(a1);
49:    %>


An error occurred at line: 46 in the jsp file: /exercises/exe06/ex6b.jsp
Syntax error, insert "AssignmentOperator Expression" to complete Expression
43:    <%}
44:    }
45: for (i=1; i<=5; i++)(
46:    j = Integer.toString(i);
47:    a1 = "a"+j;
48:    absent = session.getValue(a1);
49:    %>


An error occurred at line: 47 in the jsp file: /exercises/exe06/ex6b.jsp
a1 cannot be resolved to a variable
44:    }
45: for (i=1; i<=5; i++)(
46:    j = Integer.toString(i);
47:    a1 = "a"+j;
48:    absent = session.getValue(a1);
49:    %>
50:    absent.innerHTML +="<p><%=absent%></p>" ;


An error occurred at line: 47 in the jsp file: /exercises/exe06/ex6b.jsp
j cannot be resolved to a variable
44:    }
45: for (i=1; i<=5; i++)(
46:    j = Integer.toString(i);
47:    a1 = "a"+j;
48:    absent = session.getValue(a1);
49:    %>
50:    absent.innerHTML +="<p><%=absent%></p>" ;


An error occurred at line: 48 in the jsp file: /exercises/exe06/ex6b.jsp
absent cannot be resolved to a variable
45: for (i=1; i<=5; i++)(
46:    j = Integer.toString(i);
47:    a1 = "a"+j;
48:    absent = session.getValue(a1);
49:    %>
50:    absent.innerHTML +="<p><%=absent%></p>" ;
51:    <%}


An error occurred at line: 48 in the jsp file: /exercises/exe06/ex6b.jsp
a1 cannot be resolved to a variable
45: for (i=1; i<=5; i++)(
46:    j = Integer.toString(i);
47:    a1 = "a"+j;
48:    absent = session.getValue(a1);
49:    %>
50:    absent.innerHTML +="<p><%=absent%></p>" ;
51:    <%}


An error occurred at line: 50 in the jsp file: /exercises/exe06/ex6b.jsp
absent cannot be resolved to a variable
47:    a1 = "a"+j;
48:    absent = session.getValue(a1);
49:    %>
50:    absent.innerHTML +="<p><%=absent%></p>" ;
51:    <%}
52:    
53: 


An error occurred at line: 54 in the jsp file: /exercises/exe06/ex6b.jsp
Syntax error on token(s), misplaced construct(s)
51:    <%}
52:    
53: 
54: %>
55: </script>
56: </html>


An error occurred at line: 54 in the jsp file: /exercises/exe06/ex6b.jsp
Syntax error on token ""\r\n"", delete this token
51:    <%}
52:    
53: 
54: %>
55: </script>
56: </html>


An error occurred at line: 54 in the jsp file: /exercises/exe06/ex6b.jsp
Syntax error on token(s), misplaced construct(s)
51:    <%}
52:    
53: 
54: %>
55: </script>
56: </html>


An error occurred at line: 54 in the jsp file: /exercises/exe06/ex6b.jsp
Syntax error on token ""</script>\r\n"", delete this token
51:    <%}
52:    
53: 
54: %>
55: </script>
56: </html>


An error occurred at line: 54 in the jsp file: /exercises/exe06/ex6b.jsp
Syntax error on token(s), misplaced construct(s)
51:    <%}
52:    
53: 
54: %>
55: </script>
56: </html>


An error occurred at line: 54 in the jsp file: /exercises/exe06/ex6b.jsp
Syntax error on token ""</html>"", delete this token
51:    <%}
52:    
53: 
54: %>
55: </script>
56: </html>


An error occurred at line: [132] in the generated java file: [C:\Users\georges.c\Desktop\JSP\tomcat\work\Catalina\localhost\_\org\apache\jsp\exercises\exe06\ex6b_jsp.java]
Syntax error on token "catch", invalid AnnotationName

An error occurred at line: [132] in the generated java file: [C:\Users\georges.c\Desktop\JSP\tomcat\work\Catalina\localhost\_\org\apache\jsp\exercises\exe06\ex6b_jsp.java]
Syntax error on token(s), misplaced construct(s)

An error occurred at line: [132] in the generated java file: [C:\Users\georges.c\Desktop\JSP\tomcat\work\Catalina\localhost\_\org\apache\jsp\exercises\exe06\ex6b_jsp.java]
Syntax error, insert "enum Identifier" to complete EnumHeader

An error occurred at line: [134] in the generated java file: [C:\Users\georges.c\Desktop\JSP\tomcat\work\Catalina\localhost\_\org\apache\jsp\exercises\exe06\ex6b_jsp.java]
out cannot be resolved to a variable

An error occurred at line: [134] in the generated java file: [C:\Users\georges.c\Desktop\JSP\tomcat\work\Catalina\localhost\_\org\apache\jsp\exercises\exe06\ex6b_jsp.java]
_jspx_out cannot be resolved to a variable

An error occurred at line: [135] in the generated java file: [C:\Users\georges.c\Desktop\JSP\tomcat\work\Catalina\localhost\_\org\apache\jsp\exercises\exe06\ex6b_jsp.java]
out cannot be resolved to a variable

An error occurred at line: [135] in the generated java file: [C:\Users\georges.c\Desktop\JSP\tomcat\work\Catalina\localhost\_\org\apache\jsp\exercises\exe06\ex6b_jsp.java]
out cannot be resolved

An error occurred at line: [136] in the generated java file: [C:\Users\georges.c\Desktop\JSP\tomcat\work\Catalina\localhost\_\org\apache\jsp\exercises\exe06\ex6b_jsp.java]
out cannot be resolved

An error occurred at line: [137] in the generated java file: [C:\Users\georges.c\Desktop\JSP\tomcat\work\Catalina\localhost\_\org\apache\jsp\exercises\exe06\ex6b_jsp.java]
_jspx_page_context cannot be resolved to a variable

An error occurred at line: [137] in the generated java file: [C:\Users\georges.c\Desktop\JSP\tomcat\work\Catalina\localhost\_\org\apache\jsp\exercises\exe06\ex6b_jsp.java]
_jspx_page_context cannot be resolved

An error occurred at line: [140] in the generated java file: [C:\Users\georges.c\Desktop\JSP\tomcat\work\Catalina\localhost\_\org\apache\jsp\exercises\exe06\ex6b_jsp.java]
Syntax error on token "finally", invalid AnnotationTypeDeclarationHeader

An error occurred at line: [140] in the generated java file: [C:\Users\georges.c\Desktop\JSP\tomcat\work\Catalina\localhost\_\org\apache\jsp\exercises\exe06\ex6b_jsp.java]
Syntax error, insert "}" to complete AnnotationTypeBody

An error occurred at line: [141] in the generated java file: [C:\Users\georges.c\Desktop\JSP\tomcat\work\Catalina\localhost\_\org\apache\jsp\exercises\exe06\ex6b_jsp.java]
_jspx_page_context cannot be resolved to a variable

Stacktrace:
	at org.apache.jasper.compiler.DefaultErrorHandler.javacError(DefaultErrorHandler.java:103)
	at org.apache.jasper.compiler.ErrorDispatcher.javacError(ErrorDispatcher.java:331)
	at org.apache.jasper.compiler.JDTCompiler.generateClass(JDTCompiler.java:468)
	at org.apache.jasper.compiler.Compiler.compile(Compiler.java:378)
	at org.apache.jasper.compiler.Compiler.compile(Compiler.java:353)
	at org.apache.jasper.compiler.Compiler.compile(Compiler.java:340)
	at org.apache.jasper.JspCompilationContext.compile(JspCompilationContext.java:646)
	at org.apache.jasper.servlet.JspServletWrapper.service(JspServletWrapper.java:357)
	at org.apache.jasper.servlet.JspServlet.serviceJspFile(JspServlet.java:390)
	at org.apache.jasper.servlet.JspServlet.service(JspServlet.java:334)
	at javax.servlet.http.HttpServlet.service(HttpServlet.java:728)
	at org.apache.catalina.core.ApplicationFilterChain.internalDoFilter(ApplicationFilterChain.java:305)
	at org.apache.catalina.core.ApplicationFilterChain.doFilter(ApplicationFilterChain.java:210)
	at org.apache.catalina.core.StandardWrapperValve.invoke(StandardWrapperValve.java:222)
	at org.apache.catalina.core.StandardContextValve.invoke(StandardContextValve.java:123)
	at org.apache.catalina.authenticator.AuthenticatorBase.invoke(AuthenticatorBase.java:472)
	at org.apache.catalina.core.StandardHostValve.invoke(StandardHostValve.java:171)
	at org.apache.catalina.valves.ErrorReportValve.invoke(ErrorReportValve.java:99)
	at org.apache.catalina.valves.AccessLogValve.invoke(AccessLogValve.java:936)
	at org.apache.catalina.core.StandardEngineValve.invoke(StandardEngineValve.java:118)
	at org.apache.catalina.connector.CoyoteAdapter.service(CoyoteAdapter.java:407)
	at org.apache.coyote.http11.AbstractHttp11Processor.process(AbstractHttp11Processor.java:1004)
	at org.apache.coyote.AbstractProtocol$AbstractConnectionHandler.process(AbstractProtocol.java:589)
	at org.apache.tomcat.util.net.JIoEndpoint$SocketProcessor.run(JIoEndpoint.java:312)
	at java.util.concurrent.ThreadPoolExecutor.runWorker(ThreadPoolExecutor.java:1110)
	at java.util.concurrent.ThreadPoolExecutor$Worker.run(ThreadPoolExecutor.java:603)
	at java.lang.Thread.run(Thread.java:722)

Aug 23, 2023 2:37:41 PM org.apache.catalina.core.StandardWrapperValve invoke
SEVERE: Servlet.service() for servlet [jsp] in context with path [] threw exception [/index.jsp (line: 1, column: 2) File "exercises/exe_val/exeval.jsp" not found] with root cause
org.apache.jasper.JasperException: /index.jsp (line: 1, column: 2) File "exercises/exe_val/exeval.jsp" not found
	at org.apache.jasper.compiler.DefaultErrorHandler.jspError(DefaultErrorHandler.java:42)
	at org.apache.jasper.compiler.ErrorDispatcher.dispatch(ErrorDispatcher.java:408)
	at org.apache.jasper.compiler.ErrorDispatcher.jspError(ErrorDispatcher.java:133)
	at org.apache.jasper.compiler.Parser.processIncludeDirective(Parser.java:322)
	at org.apache.jasper.compiler.Parser.parseIncludeDirective(Parser.java:357)
	at org.apache.jasper.compiler.Parser.parseDirective(Parser.java:467)
	at org.apache.jasper.compiler.Parser.parseFileDirectives(Parser.java:1779)
	at org.apache.jasper.compiler.Parser.parse(Parser.java:135)
	at org.apache.jasper.compiler.ParserController.doParse(ParserController.java:242)
	at org.apache.jasper.compiler.ParserController.parseDirectives(ParserController.java:119)
	at org.apache.jasper.compiler.Compiler.generateJava(Compiler.java:193)
	at org.apache.jasper.compiler.Compiler.compile(Compiler.java:373)
	at org.apache.jasper.compiler.Compiler.compile(Compiler.java:353)
	at org.apache.jasper.compiler.Compiler.compile(Compiler.java:340)
	at org.apache.jasper.JspCompilationContext.compile(JspCompilationContext.java:646)
	at org.apache.jasper.servlet.JspServletWrapper.service(JspServletWrapper.java:357)
	at org.apache.jasper.servlet.JspServlet.serviceJspFile(JspServlet.java:390)
	at org.apache.jasper.servlet.JspServlet.service(JspServlet.java:334)
	at javax.servlet.http.HttpServlet.service(HttpServlet.java:728)
	at org.apache.catalina.core.ApplicationFilterChain.internalDoFilter(ApplicationFilterChain.java:305)
	at org.apache.catalina.core.ApplicationFilterChain.doFilter(ApplicationFilterChain.java:210)
	at org.apache.catalina.core.StandardWrapperValve.invoke(StandardWrapperValve.java:222)
	at org.apache.catalina.core.StandardContextValve.invoke(StandardContextValve.java:123)
	at org.apache.catalina.authenticator.AuthenticatorBase.invoke(AuthenticatorBase.java:472)
	at org.apache.catalina.core.StandardHostValve.invoke(StandardHostValve.java:171)
	at org.apache.catalina.valves.ErrorReportValve.invoke(ErrorReportValve.java:99)
	at org.apache.catalina.valves.AccessLogValve.invoke(AccessLogValve.java:936)
	at org.apache.catalina.core.StandardEngineValve.invoke(StandardEngineValve.java:118)
	at org.apache.catalina.connector.CoyoteAdapter.service(CoyoteAdapter.java:407)
	at org.apache.coyote.http11.AbstractHttp11Processor.process(AbstractHttp11Processor.java:1004)
	at org.apache.coyote.AbstractProtocol$AbstractConnectionHandler.process(AbstractProtocol.java:589)
	at org.apache.tomcat.util.net.JIoEndpoint$SocketProcessor.run(JIoEndpoint.java:310)
	at java.util.concurrent.ThreadPoolExecutor.runWorker(ThreadPoolExecutor.java:1110)
	at java.util.concurrent.ThreadPoolExecutor$Worker.run(ThreadPoolExecutor.java:603)
	at java.lang.Thread.run(Thread.java:722)

Aug 23, 2023 2:37:46 PM org.apache.catalina.core.StandardWrapperValve invoke
SEVERE: Servlet.service() for servlet [jsp] in context with path [] threw exception [/index.jsp (line: 1, column: 2) File "exercises/exe_val/exeval.jsp" not found] with root cause
org.apache.jasper.JasperException: /index.jsp (line: 1, column: 2) File "exercises/exe_val/exeval.jsp" not found
	at org.apache.jasper.compiler.DefaultErrorHandler.jspError(DefaultErrorHandler.java:42)
	at org.apache.jasper.compiler.ErrorDispatcher.dispatch(ErrorDispatcher.java:408)
	at org.apache.jasper.compiler.ErrorDispatcher.jspError(ErrorDispatcher.java:133)
	at org.apache.jasper.compiler.Parser.processIncludeDirective(Parser.java:322)
	at org.apache.jasper.compiler.Parser.parseIncludeDirective(Parser.java:357)
	at org.apache.jasper.compiler.Parser.parseDirective(Parser.java:467)
	at org.apache.jasper.compiler.Parser.parseFileDirectives(Parser.java:1779)
	at org.apache.jasper.compiler.Parser.parse(Parser.java:135)
	at org.apache.jasper.compiler.ParserController.doParse(ParserController.java:242)
	at org.apache.jasper.compiler.ParserController.parseDirectives(ParserController.java:119)
	at org.apache.jasper.compiler.Compiler.generateJava(Compiler.java:193)
	at org.apache.jasper.compiler.Compiler.compile(Compiler.java:373)
	at org.apache.jasper.compiler.Compiler.compile(Compiler.java:353)
	at org.apache.jasper.compiler.Compiler.compile(Compiler.java:340)
	at org.apache.jasper.JspCompilationContext.compile(JspCompilationContext.java:646)
	at org.apache.jasper.servlet.JspServletWrapper.service(JspServletWrapper.java:357)
	at org.apache.jasper.servlet.JspServlet.serviceJspFile(JspServlet.java:390)
	at org.apache.jasper.servlet.JspServlet.service(JspServlet.java:334)
	at javax.servlet.http.HttpServlet.service(HttpServlet.java:728)
	at org.apache.catalina.core.ApplicationFilterChain.internalDoFilter(ApplicationFilterChain.java:305)
	at org.apache.catalina.core.ApplicationFilterChain.doFilter(ApplicationFilterChain.java:210)
	at org.apache.catalina.core.StandardWrapperValve.invoke(StandardWrapperValve.java:222)
	at org.apache.catalina.core.StandardContextValve.invoke(StandardContextValve.java:123)
	at org.apache.catalina.authenticator.AuthenticatorBase.invoke(AuthenticatorBase.java:472)
	at org.apache.catalina.core.StandardHostValve.invoke(StandardHostValve.java:171)
	at org.apache.catalina.valves.ErrorReportValve.invoke(ErrorReportValve.java:99)
	at org.apache.catalina.valves.AccessLogValve.invoke(AccessLogValve.java:936)
	at org.apache.catalina.core.StandardEngineValve.invoke(StandardEngineValve.java:118)
	at org.apache.catalina.connector.CoyoteAdapter.service(CoyoteAdapter.java:407)
	at org.apache.coyote.http11.AbstractHttp11Processor.process(AbstractHttp11Processor.java:1004)
	at org.apache.coyote.AbstractProtocol$AbstractConnectionHandler.process(AbstractProtocol.java:589)
	at org.apache.tomcat.util.net.JIoEndpoint$SocketProcessor.run(JIoEndpoint.java:312)
	at java.util.concurrent.ThreadPoolExecutor.runWorker(ThreadPoolExecutor.java:1110)
	at java.util.concurrent.ThreadPoolExecutor$Worker.run(ThreadPoolExecutor.java:603)
	at java.lang.Thread.run(Thread.java:722)

